13:01:41 INFO  : Registering command handlers for SDK TCF services
13:01:41 INFO  : Launching XSCT server: xsct.bat -interactive C:\Users\Keith\Documents\Git\568_Hub\568_WiFi\DataHub-Vivado\DataHub-Vivado.sdk\temp_xsdb_launch_script.tcl
13:01:44 INFO  : XSCT server has started successfully.
13:01:46 INFO  : Successfully done setting XSCT server connection channel  
13:01:46 INFO  : Processing command line option -hwspec C:/Users/Keith/Documents/Git/568_Hub/568_WiFi/DataHub-Vivado/DataHub-Vivado.sdk/DataHub_wrapper.hdf.
13:01:46 INFO  : Successfully done setting SDK workspace  
20:42:19 INFO  : Registering command handlers for SDK TCF services
20:42:20 INFO  : Launching XSCT server: xsct.bat -interactive C:\Users\Keith\Documents\Git\568_Hub\568_WiFi\DataHub-Vivado\DataHub-Vivado.sdk\temp_xsdb_launch_script.tcl
20:42:23 INFO  : XSCT server has started successfully.
20:42:23 INFO  : Successfully done setting XSCT server connection channel  
20:42:25 INFO  : Successfully done setting SDK workspace  
20:42:25 INFO  : Processing command line option -hwspec C:/Users/Keith/Documents/Git/568_Hub/568_WiFi/DataHub-Vivado/DataHub-Vivado.sdk/DataHub_wrapper.hdf.
20:42:25 INFO  : Checking for hwspec changes in the project DataHub_wrapper_hw_platform_0.
20:42:30 INFO  : SDK has detected change in the last modified timestamps for source hardware specification file Source:1522974857153,  Project:1522946568453
20:42:30 INFO  : The hardware specification for project 'DataHub_wrapper_hw_platform_0' is different from C:/Users/Keith/Documents/Git/568_Hub/568_WiFi/DataHub-Vivado/DataHub-Vivado.sdk/DataHub_wrapper.hdf.
20:42:30 INFO  : Copied contents of C:/Users/Keith/Documents/Git/568_Hub/568_WiFi/DataHub-Vivado/DataHub-Vivado.sdk/DataHub_wrapper.hdf into \DataHub_wrapper_hw_platform_0\system.hdf.
20:44:30 INFO  : Synchronizing projects in the workspace with the hardware platform specification changes.
20:44:35 INFO  : 
20:44:36 INFO  : Updating hardware inferred compiler options for DataHub.
20:44:36 INFO  : Clearing existing target manager status.
20:44:36 WARN  : Given IPC port value is invalid. Using default port 2350
20:44:36 WARN  : Given XMD timeout value is invalid. Using default value of 50000
20:44:38 WARN  : Given XMD transaction timeout value is invalid. Using default value of 60000 milli seconds
22:28:33 INFO  : Connected to target on host '127.0.0.1' and port '3121'.
22:28:35 INFO  : 'targets -set -filter {jtag_cable_name =~ "Digilent Nexys4DDR 210292A4BB27A" && level==0} -index 0' command is executed.
22:28:37 INFO  : FPGA configured successfully with bitstream "C:/Users/Keith/Documents/Git/568_Hub/568_WiFi/DataHub-Vivado/DataHub-Vivado.sdk/DataHub_wrapper_hw_platform_0/download.bit"
22:29:00 INFO  : 'targets -set -filter {jtag_cable_name =~ "Digilent Nexys4DDR 210292A4BB27A" && level==0} -index 0' command is executed.
22:29:00 INFO  : 'fpga -state' command is executed.
22:29:00 INFO  : Connected to target on host '127.0.0.1' and port '3121'.
22:29:00 INFO  : Jtag cable 'Digilent Nexys4DDR 210292A4BB27A' is selected.
22:29:00 INFO  : 'jtag frequency' command is executed.
22:29:00 INFO  : Context for processor 'microblaze_0' is selected.
22:29:00 INFO  : Processor reset is completed for 'microblaze_0'.
22:29:00 INFO  : Context for processor 'microblaze_0' is selected.
22:29:04 INFO  : The application 'C:/Users/Keith/Documents/Git/568_Hub/568_WiFi/DataHub-Vivado/DataHub-Vivado.sdk/DataHub/Debug/DataHub.elf' is downloaded to processor 'microblaze_0'.
22:29:04 INFO  : ----------------XSDB Script----------------
connect -url tcp:127.0.0.1:3121
targets -set -nocase -filter {name =~ "microblaze*#0" && bscan=="USER2"  && jtag_cable_name =~ "Digilent Nexys4DDR 210292A4BB27A"} -index 0
rst -processor
targets -set -nocase -filter {name =~ "microblaze*#0" && bscan=="USER2"  && jtag_cable_name =~ "Digilent Nexys4DDR 210292A4BB27A"} -index 0
dow C:/Users/Keith/Documents/Git/568_Hub/568_WiFi/DataHub-Vivado/DataHub-Vivado.sdk/DataHub/Debug/DataHub.elf
----------------End of Script----------------

22:29:04 INFO  : Memory regions updated for context MicroBlaze #0
22:29:04 INFO  : Memory regions updated for context MicroBlaze #0
22:29:04 INFO  : Context for processor 'microblaze_0' is selected.
22:29:04 INFO  : 'con' command is executed.
22:29:04 INFO  : ----------------XSDB Script (After Launch)----------------
targets -set -nocase -filter {name =~ "microblaze*#0" && bscan=="USER2"  && jtag_cable_name =~ "Digilent Nexys4DDR 210292A4BB27A"} -index 0
con
----------------End of Script----------------

22:29:04 INFO  : Launch script is exported to file 'C:\Users\Keith\Documents\Git\568_Hub\568_WiFi\DataHub-Vivado\DataHub-Vivado.sdk\.sdk\launch_scripts\xilinx_c-c++_application_(system_debugger)\system_debugger_using_debug_datahub.elf_on_local.tcl'
22:29:27 INFO  : Disconnected from the channel tcfchan#1.
22:29:28 INFO  : 'targets -set -filter {jtag_cable_name =~ "Digilent Nexys4DDR 210292A4BB27A" && level==0} -index 0' command is executed.
22:29:28 INFO  : 'fpga -state' command is executed.
22:29:28 INFO  : Connected to target on host '127.0.0.1' and port '3121'.
22:29:28 INFO  : Jtag cable 'Digilent Nexys4DDR 210292A4BB27A' is selected.
22:29:28 INFO  : 'jtag frequency' command is executed.
22:29:28 INFO  : Context for processor 'microblaze_0' is selected.
22:29:28 INFO  : Processor reset is completed for 'microblaze_0'.
22:29:29 INFO  : Context for processor 'microblaze_0' is selected.
22:29:32 INFO  : The application 'C:/Users/Keith/Documents/Git/568_Hub/568_WiFi/DataHub-Vivado/DataHub-Vivado.sdk/DataHub/Debug/DataHub.elf' is downloaded to processor 'microblaze_0'.
22:29:32 INFO  : ----------------XSDB Script----------------
connect -url tcp:127.0.0.1:3121
targets -set -nocase -filter {name =~ "microblaze*#0" && bscan=="USER2"  && jtag_cable_name =~ "Digilent Nexys4DDR 210292A4BB27A"} -index 0
rst -processor
targets -set -nocase -filter {name =~ "microblaze*#0" && bscan=="USER2"  && jtag_cable_name =~ "Digilent Nexys4DDR 210292A4BB27A"} -index 0
dow C:/Users/Keith/Documents/Git/568_Hub/568_WiFi/DataHub-Vivado/DataHub-Vivado.sdk/DataHub/Debug/DataHub.elf
----------------End of Script----------------

22:29:32 INFO  : Memory regions updated for context MicroBlaze #0
22:29:32 INFO  : Memory regions updated for context MicroBlaze #0
22:29:32 INFO  : Context for processor 'microblaze_0' is selected.
22:29:32 INFO  : 'con' command is executed.
22:29:32 INFO  : ----------------XSDB Script (After Launch)----------------
targets -set -nocase -filter {name =~ "microblaze*#0" && bscan=="USER2"  && jtag_cable_name =~ "Digilent Nexys4DDR 210292A4BB27A"} -index 0
con
----------------End of Script----------------

22:29:32 INFO  : Launch script is exported to file 'C:\Users\Keith\Documents\Git\568_Hub\568_WiFi\DataHub-Vivado\DataHub-Vivado.sdk\.sdk\launch_scripts\xilinx_c-c++_application_(system_debugger)\system_debugger_using_debug_datahub.elf_on_local.tcl'
22:37:28 INFO  : Disconnected from the channel tcfchan#2.
22:37:29 INFO  : 'targets -set -filter {jtag_cable_name =~ "Digilent Nexys4DDR 210292A4BB27A" && level==0} -index 0' command is executed.
22:37:29 INFO  : 'fpga -state' command is executed.
22:37:29 INFO  : Connected to target on host '127.0.0.1' and port '3121'.
22:37:29 INFO  : Jtag cable 'Digilent Nexys4DDR 210292A4BB27A' is selected.
22:37:29 INFO  : 'jtag frequency' command is executed.
22:37:29 INFO  : Context for processor 'microblaze_0' is selected.
22:37:29 INFO  : Processor reset is completed for 'microblaze_0'.
22:37:29 INFO  : Context for processor 'microblaze_0' is selected.
22:37:33 INFO  : The application 'C:/Users/Keith/Documents/Git/568_Hub/568_WiFi/DataHub-Vivado/DataHub-Vivado.sdk/DataHub/Debug/DataHub.elf' is downloaded to processor 'microblaze_0'.
22:37:33 INFO  : ----------------XSDB Script----------------
connect -url tcp:127.0.0.1:3121
targets -set -nocase -filter {name =~ "microblaze*#0" && bscan=="USER2"  && jtag_cable_name =~ "Digilent Nexys4DDR 210292A4BB27A"} -index 0
rst -processor
targets -set -nocase -filter {name =~ "microblaze*#0" && bscan=="USER2"  && jtag_cable_name =~ "Digilent Nexys4DDR 210292A4BB27A"} -index 0
dow C:/Users/Keith/Documents/Git/568_Hub/568_WiFi/DataHub-Vivado/DataHub-Vivado.sdk/DataHub/Debug/DataHub.elf
----------------End of Script----------------

22:37:33 INFO  : Memory regions updated for context MicroBlaze #0
22:37:33 INFO  : Memory regions updated for context MicroBlaze #0
22:37:33 INFO  : Context for processor 'microblaze_0' is selected.
22:37:33 INFO  : 'con' command is executed.
22:37:33 INFO  : ----------------XSDB Script (After Launch)----------------
targets -set -nocase -filter {name =~ "microblaze*#0" && bscan=="USER2"  && jtag_cable_name =~ "Digilent Nexys4DDR 210292A4BB27A"} -index 0
con
----------------End of Script----------------

22:37:33 INFO  : Launch script is exported to file 'C:\Users\Keith\Documents\Git\568_Hub\568_WiFi\DataHub-Vivado\DataHub-Vivado.sdk\.sdk\launch_scripts\xilinx_c-c++_application_(system_debugger)\system_debugger_using_debug_datahub.elf_on_local.tcl'
23:31:00 INFO  : Disconnected from the channel tcfchan#3.
23:31:01 INFO  : 'targets -set -filter {jtag_cable_name =~ "Digilent Nexys4DDR 210292A4BB27A" && level==0} -index 0' command is executed.
23:31:01 INFO  : 'fpga -state' command is executed.
23:31:01 INFO  : Connected to target on host '127.0.0.1' and port '3121'.
23:31:01 INFO  : Jtag cable 'Digilent Nexys4DDR 210292A4BB27A' is selected.
23:31:01 INFO  : 'jtag frequency' command is executed.
23:31:01 INFO  : Context for processor 'microblaze_0' is selected.
23:31:01 INFO  : Processor reset is completed for 'microblaze_0'.
23:31:01 INFO  : Context for processor 'microblaze_0' is selected.
23:31:06 INFO  : The application 'C:/Users/Keith/Documents/Git/568_Hub/568_WiFi/DataHub-Vivado/DataHub-Vivado.sdk/DataHub/Debug/DataHub.elf' is downloaded to processor 'microblaze_0'.
23:31:06 INFO  : ----------------XSDB Script----------------
connect -url tcp:127.0.0.1:3121
targets -set -nocase -filter {name =~ "microblaze*#0" && bscan=="USER2"  && jtag_cable_name =~ "Digilent Nexys4DDR 210292A4BB27A"} -index 0
rst -processor
targets -set -nocase -filter {name =~ "microblaze*#0" && bscan=="USER2"  && jtag_cable_name =~ "Digilent Nexys4DDR 210292A4BB27A"} -index 0
dow C:/Users/Keith/Documents/Git/568_Hub/568_WiFi/DataHub-Vivado/DataHub-Vivado.sdk/DataHub/Debug/DataHub.elf
----------------End of Script----------------

23:31:06 INFO  : Memory regions updated for context MicroBlaze #0
23:31:06 INFO  : Memory regions updated for context MicroBlaze #0
23:31:06 INFO  : Context for processor 'microblaze_0' is selected.
23:31:06 INFO  : 'con' command is executed.
23:31:06 INFO  : ----------------XSDB Script (After Launch)----------------
targets -set -nocase -filter {name =~ "microblaze*#0" && bscan=="USER2"  && jtag_cable_name =~ "Digilent Nexys4DDR 210292A4BB27A"} -index 0
con
----------------End of Script----------------

23:31:06 INFO  : Launch script is exported to file 'C:\Users\Keith\Documents\Git\568_Hub\568_WiFi\DataHub-Vivado\DataHub-Vivado.sdk\.sdk\launch_scripts\xilinx_c-c++_application_(system_debugger)\system_debugger_using_debug_datahub.elf_on_local.tcl'
23:32:07 INFO  : Disconnected from the channel tcfchan#4.
23:32:08 INFO  : 'targets -set -filter {jtag_cable_name =~ "Digilent Nexys4DDR 210292A4BB27A" && level==0} -index 0' command is executed.
23:32:08 INFO  : 'fpga -state' command is executed.
23:32:08 INFO  : Connected to target on host '127.0.0.1' and port '3121'.
23:32:08 INFO  : Jtag cable 'Digilent Nexys4DDR 210292A4BB27A' is selected.
23:32:08 INFO  : 'jtag frequency' command is executed.
23:32:08 INFO  : Context for processor 'microblaze_0' is selected.
23:32:08 INFO  : Processor reset is completed for 'microblaze_0'.
23:32:08 INFO  : Context for processor 'microblaze_0' is selected.
23:32:12 INFO  : The application 'C:/Users/Keith/Documents/Git/568_Hub/568_WiFi/DataHub-Vivado/DataHub-Vivado.sdk/DataHub/Debug/DataHub.elf' is downloaded to processor 'microblaze_0'.
23:32:12 INFO  : ----------------XSDB Script----------------
connect -url tcp:127.0.0.1:3121
targets -set -nocase -filter {name =~ "microblaze*#0" && bscan=="USER2"  && jtag_cable_name =~ "Digilent Nexys4DDR 210292A4BB27A"} -index 0
rst -processor
targets -set -nocase -filter {name =~ "microblaze*#0" && bscan=="USER2"  && jtag_cable_name =~ "Digilent Nexys4DDR 210292A4BB27A"} -index 0
dow C:/Users/Keith/Documents/Git/568_Hub/568_WiFi/DataHub-Vivado/DataHub-Vivado.sdk/DataHub/Debug/DataHub.elf
----------------End of Script----------------

23:32:13 INFO  : Memory regions updated for context MicroBlaze #0
23:32:13 INFO  : Memory regions updated for context MicroBlaze #0
23:32:13 INFO  : Context for processor 'microblaze_0' is selected.
23:32:13 INFO  : 'con' command is executed.
23:32:13 INFO  : ----------------XSDB Script (After Launch)----------------
targets -set -nocase -filter {name =~ "microblaze*#0" && bscan=="USER2"  && jtag_cable_name =~ "Digilent Nexys4DDR 210292A4BB27A"} -index 0
con
----------------End of Script----------------

23:32:13 INFO  : Launch script is exported to file 'C:\Users\Keith\Documents\Git\568_Hub\568_WiFi\DataHub-Vivado\DataHub-Vivado.sdk\.sdk\launch_scripts\xilinx_c-c++_application_(system_debugger)\system_debugger_using_debug_datahub.elf_on_local.tcl'
23:39:48 INFO  : Disconnected from the channel tcfchan#5.
23:39:49 INFO  : 'targets -set -filter {jtag_cable_name =~ "Digilent Nexys4DDR 210292A4BB27A" && level==0} -index 0' command is executed.
23:39:49 INFO  : 'fpga -state' command is executed.
23:39:49 INFO  : Connected to target on host '127.0.0.1' and port '3121'.
23:39:50 INFO  : Jtag cable 'Digilent Nexys4DDR 210292A4BB27A' is selected.
23:39:50 INFO  : 'jtag frequency' command is executed.
23:39:50 INFO  : Context for processor 'microblaze_0' is selected.
23:39:50 INFO  : Processor reset is completed for 'microblaze_0'.
23:39:50 INFO  : Context for processor 'microblaze_0' is selected.
23:39:54 INFO  : The application 'C:/Users/Keith/Documents/Git/568_Hub/568_WiFi/DataHub-Vivado/DataHub-Vivado.sdk/DataHub/Debug/DataHub.elf' is downloaded to processor 'microblaze_0'.
23:39:54 INFO  : ----------------XSDB Script----------------
connect -url tcp:127.0.0.1:3121
targets -set -nocase -filter {name =~ "microblaze*#0" && bscan=="USER2"  && jtag_cable_name =~ "Digilent Nexys4DDR 210292A4BB27A"} -index 0
rst -processor
targets -set -nocase -filter {name =~ "microblaze*#0" && bscan=="USER2"  && jtag_cable_name =~ "Digilent Nexys4DDR 210292A4BB27A"} -index 0
dow C:/Users/Keith/Documents/Git/568_Hub/568_WiFi/DataHub-Vivado/DataHub-Vivado.sdk/DataHub/Debug/DataHub.elf
----------------End of Script----------------

23:39:54 INFO  : Memory regions updated for context MicroBlaze #0
23:39:54 INFO  : Memory regions updated for context MicroBlaze #0
23:39:54 INFO  : Context for processor 'microblaze_0' is selected.
23:39:54 INFO  : 'con' command is executed.
23:39:54 INFO  : ----------------XSDB Script (After Launch)----------------
targets -set -nocase -filter {name =~ "microblaze*#0" && bscan=="USER2"  && jtag_cable_name =~ "Digilent Nexys4DDR 210292A4BB27A"} -index 0
con
----------------End of Script----------------

23:39:54 INFO  : Launch script is exported to file 'C:\Users\Keith\Documents\Git\568_Hub\568_WiFi\DataHub-Vivado\DataHub-Vivado.sdk\.sdk\launch_scripts\xilinx_c-c++_application_(system_debugger)\system_debugger_using_debug_datahub.elf_on_local.tcl'
23:46:01 INFO  : Disconnected from the channel tcfchan#6.
23:46:02 INFO  : 'targets -set -filter {jtag_cable_name =~ "Digilent Nexys4DDR 210292A4BB27A" && level==0} -index 0' command is executed.
23:46:02 INFO  : 'fpga -state' command is executed.
23:46:02 INFO  : Connected to target on host '127.0.0.1' and port '3121'.
23:46:02 INFO  : Jtag cable 'Digilent Nexys4DDR 210292A4BB27A' is selected.
23:46:02 INFO  : 'jtag frequency' command is executed.
23:46:02 INFO  : Context for processor 'microblaze_0' is selected.
23:46:02 INFO  : Processor reset is completed for 'microblaze_0'.
23:46:02 INFO  : Context for processor 'microblaze_0' is selected.
23:46:07 INFO  : The application 'C:/Users/Keith/Documents/Git/568_Hub/568_WiFi/DataHub-Vivado/DataHub-Vivado.sdk/DataHub/Debug/DataHub.elf' is downloaded to processor 'microblaze_0'.
23:46:07 INFO  : ----------------XSDB Script----------------
connect -url tcp:127.0.0.1:3121
targets -set -nocase -filter {name =~ "microblaze*#0" && bscan=="USER2"  && jtag_cable_name =~ "Digilent Nexys4DDR 210292A4BB27A"} -index 0
rst -processor
targets -set -nocase -filter {name =~ "microblaze*#0" && bscan=="USER2"  && jtag_cable_name =~ "Digilent Nexys4DDR 210292A4BB27A"} -index 0
dow C:/Users/Keith/Documents/Git/568_Hub/568_WiFi/DataHub-Vivado/DataHub-Vivado.sdk/DataHub/Debug/DataHub.elf
----------------End of Script----------------

23:46:07 INFO  : Memory regions updated for context MicroBlaze #0
23:46:07 INFO  : Memory regions updated for context MicroBlaze #0
23:46:07 INFO  : Context for processor 'microblaze_0' is selected.
23:46:07 INFO  : 'con' command is executed.
23:46:07 INFO  : ----------------XSDB Script (After Launch)----------------
targets -set -nocase -filter {name =~ "microblaze*#0" && bscan=="USER2"  && jtag_cable_name =~ "Digilent Nexys4DDR 210292A4BB27A"} -index 0
con
----------------End of Script----------------

23:46:07 INFO  : Launch script is exported to file 'C:\Users\Keith\Documents\Git\568_Hub\568_WiFi\DataHub-Vivado\DataHub-Vivado.sdk\.sdk\launch_scripts\xilinx_c-c++_application_(system_debugger)\system_debugger_using_debug_datahub.elf_on_local.tcl'
23:47:51 INFO  : Disconnected from the channel tcfchan#7.
23:47:53 INFO  : 'targets -set -filter {jtag_cable_name =~ "Digilent Nexys4DDR 210292A4BB27A" && level==0} -index 0' command is executed.
23:47:53 INFO  : 'fpga -state' command is executed.
23:47:53 INFO  : Connected to target on host '127.0.0.1' and port '3121'.
23:47:53 INFO  : Jtag cable 'Digilent Nexys4DDR 210292A4BB27A' is selected.
23:47:53 INFO  : 'jtag frequency' command is executed.
23:47:53 INFO  : Context for processor 'microblaze_0' is selected.
23:47:53 INFO  : Processor reset is completed for 'microblaze_0'.
23:47:53 INFO  : Context for processor 'microblaze_0' is selected.
23:47:57 INFO  : The application 'C:/Users/Keith/Documents/Git/568_Hub/568_WiFi/DataHub-Vivado/DataHub-Vivado.sdk/DataHub/Debug/DataHub.elf' is downloaded to processor 'microblaze_0'.
23:47:57 INFO  : ----------------XSDB Script----------------
connect -url tcp:127.0.0.1:3121
targets -set -nocase -filter {name =~ "microblaze*#0" && bscan=="USER2"  && jtag_cable_name =~ "Digilent Nexys4DDR 210292A4BB27A"} -index 0
rst -processor
targets -set -nocase -filter {name =~ "microblaze*#0" && bscan=="USER2"  && jtag_cable_name =~ "Digilent Nexys4DDR 210292A4BB27A"} -index 0
dow C:/Users/Keith/Documents/Git/568_Hub/568_WiFi/DataHub-Vivado/DataHub-Vivado.sdk/DataHub/Debug/DataHub.elf
----------------End of Script----------------

23:47:57 INFO  : Memory regions updated for context MicroBlaze #0
23:47:57 INFO  : Memory regions updated for context MicroBlaze #0
23:47:57 INFO  : Context for processor 'microblaze_0' is selected.
23:47:57 INFO  : 'con' command is executed.
23:47:57 INFO  : ----------------XSDB Script (After Launch)----------------
targets -set -nocase -filter {name =~ "microblaze*#0" && bscan=="USER2"  && jtag_cable_name =~ "Digilent Nexys4DDR 210292A4BB27A"} -index 0
con
----------------End of Script----------------

23:47:57 INFO  : Launch script is exported to file 'C:\Users\Keith\Documents\Git\568_Hub\568_WiFi\DataHub-Vivado\DataHub-Vivado.sdk\.sdk\launch_scripts\xilinx_c-c++_application_(system_debugger)\system_debugger_using_debug_datahub.elf_on_local.tcl'
23:51:09 INFO  : Disconnected from the channel tcfchan#8.
23:54:22 INFO  : 'targets -set -filter {jtag_cable_name =~ "Digilent Nexys4DDR 210292A4BB27A" && level==0} -index 0' command is executed.
23:54:22 INFO  : 'fpga -state' command is executed.
23:54:22 INFO  : Connected to target on host '127.0.0.1' and port '3121'.
23:54:23 INFO  : Jtag cable 'Digilent Nexys4DDR 210292A4BB27A' is selected.
23:54:23 INFO  : 'jtag frequency' command is executed.
23:54:23 INFO  : Context for processor 'microblaze_0' is selected.
23:54:23 INFO  : Processor reset is completed for 'microblaze_0'.
23:54:23 INFO  : Context for processor 'microblaze_0' is selected.
23:54:27 INFO  : The application 'C:/Users/Keith/Documents/Git/568_Hub/568_WiFi/DataHub-Vivado/DataHub-Vivado.sdk/DataHub/Debug/DataHub.elf' is downloaded to processor 'microblaze_0'.
23:54:27 INFO  : ----------------XSDB Script----------------
connect -url tcp:127.0.0.1:3121
targets -set -nocase -filter {name =~ "microblaze*#0" && bscan=="USER2"  && jtag_cable_name =~ "Digilent Nexys4DDR 210292A4BB27A"} -index 0
rst -processor
targets -set -nocase -filter {name =~ "microblaze*#0" && bscan=="USER2"  && jtag_cable_name =~ "Digilent Nexys4DDR 210292A4BB27A"} -index 0
dow C:/Users/Keith/Documents/Git/568_Hub/568_WiFi/DataHub-Vivado/DataHub-Vivado.sdk/DataHub/Debug/DataHub.elf
----------------End of Script----------------

23:54:27 INFO  : Memory regions updated for context MicroBlaze #0
23:54:27 INFO  : Memory regions updated for context MicroBlaze #0
23:54:27 INFO  : Context for processor 'microblaze_0' is selected.
23:54:27 INFO  : 'con' command is executed.
23:54:27 INFO  : ----------------XSDB Script (After Launch)----------------
targets -set -nocase -filter {name =~ "microblaze*#0" && bscan=="USER2"  && jtag_cable_name =~ "Digilent Nexys4DDR 210292A4BB27A"} -index 0
con
----------------End of Script----------------

23:54:27 INFO  : Launch script is exported to file 'C:\Users\Keith\Documents\Git\568_Hub\568_WiFi\DataHub-Vivado\DataHub-Vivado.sdk\.sdk\launch_scripts\xilinx_c-c++_application_(system_debugger)\system_debugger_using_debug_datahub.elf_on_local.tcl'
23:56:26 INFO  : Disconnected from the channel tcfchan#9.
23:56:28 INFO  : 'targets -set -filter {jtag_cable_name =~ "Digilent Nexys4DDR 210292A4BB27A" && level==0} -index 0' command is executed.
23:56:28 INFO  : 'fpga -state' command is executed.
23:56:28 INFO  : Connected to target on host '127.0.0.1' and port '3121'.
23:56:28 INFO  : Jtag cable 'Digilent Nexys4DDR 210292A4BB27A' is selected.
23:56:28 INFO  : 'jtag frequency' command is executed.
23:56:28 INFO  : Context for processor 'microblaze_0' is selected.
23:56:28 INFO  : Processor reset is completed for 'microblaze_0'.
23:56:28 INFO  : Context for processor 'microblaze_0' is selected.
23:56:32 INFO  : The application 'C:/Users/Keith/Documents/Git/568_Hub/568_WiFi/DataHub-Vivado/DataHub-Vivado.sdk/DataHub/Debug/DataHub.elf' is downloaded to processor 'microblaze_0'.
23:56:32 INFO  : ----------------XSDB Script----------------
connect -url tcp:127.0.0.1:3121
targets -set -nocase -filter {name =~ "microblaze*#0" && bscan=="USER2"  && jtag_cable_name =~ "Digilent Nexys4DDR 210292A4BB27A"} -index 0
rst -processor
targets -set -nocase -filter {name =~ "microblaze*#0" && bscan=="USER2"  && jtag_cable_name =~ "Digilent Nexys4DDR 210292A4BB27A"} -index 0
dow C:/Users/Keith/Documents/Git/568_Hub/568_WiFi/DataHub-Vivado/DataHub-Vivado.sdk/DataHub/Debug/DataHub.elf
----------------End of Script----------------

23:56:32 INFO  : Memory regions updated for context MicroBlaze #0
23:56:32 INFO  : Memory regions updated for context MicroBlaze #0
23:56:32 INFO  : Context for processor 'microblaze_0' is selected.
23:56:32 INFO  : 'con' command is executed.
23:56:32 INFO  : ----------------XSDB Script (After Launch)----------------
targets -set -nocase -filter {name =~ "microblaze*#0" && bscan=="USER2"  && jtag_cable_name =~ "Digilent Nexys4DDR 210292A4BB27A"} -index 0
con
----------------End of Script----------------

23:56:32 INFO  : Launch script is exported to file 'C:\Users\Keith\Documents\Git\568_Hub\568_WiFi\DataHub-Vivado\DataHub-Vivado.sdk\.sdk\launch_scripts\xilinx_c-c++_application_(system_debugger)\system_debugger_using_debug_datahub.elf_on_local.tcl'
00:00:00 INFO  : Disconnected from the channel tcfchan#10.
00:00:01 INFO  : 'targets -set -filter {jtag_cable_name =~ "Digilent Nexys4DDR 210292A4BB27A" && level==0} -index 0' command is executed.
00:00:01 INFO  : 'fpga -state' command is executed.
00:00:01 INFO  : Connected to target on host '127.0.0.1' and port '3121'.
00:00:01 INFO  : Jtag cable 'Digilent Nexys4DDR 210292A4BB27A' is selected.
00:00:01 INFO  : 'jtag frequency' command is executed.
00:00:01 INFO  : Context for processor 'microblaze_0' is selected.
00:00:01 INFO  : Processor reset is completed for 'microblaze_0'.
00:00:01 INFO  : Context for processor 'microblaze_0' is selected.
00:00:05 INFO  : The application 'C:/Users/Keith/Documents/Git/568_Hub/568_WiFi/DataHub-Vivado/DataHub-Vivado.sdk/DataHub/Debug/DataHub.elf' is downloaded to processor 'microblaze_0'.
00:00:05 INFO  : ----------------XSDB Script----------------
connect -url tcp:127.0.0.1:3121
targets -set -nocase -filter {name =~ "microblaze*#0" && bscan=="USER2"  && jtag_cable_name =~ "Digilent Nexys4DDR 210292A4BB27A"} -index 0
rst -processor
targets -set -nocase -filter {name =~ "microblaze*#0" && bscan=="USER2"  && jtag_cable_name =~ "Digilent Nexys4DDR 210292A4BB27A"} -index 0
dow C:/Users/Keith/Documents/Git/568_Hub/568_WiFi/DataHub-Vivado/DataHub-Vivado.sdk/DataHub/Debug/DataHub.elf
----------------End of Script----------------

00:00:05 INFO  : Memory regions updated for context MicroBlaze #0
00:00:05 INFO  : Memory regions updated for context MicroBlaze #0
00:00:05 INFO  : Context for processor 'microblaze_0' is selected.
00:00:05 INFO  : 'con' command is executed.
00:00:05 INFO  : ----------------XSDB Script (After Launch)----------------
targets -set -nocase -filter {name =~ "microblaze*#0" && bscan=="USER2"  && jtag_cable_name =~ "Digilent Nexys4DDR 210292A4BB27A"} -index 0
con
----------------End of Script----------------

00:00:05 INFO  : Launch script is exported to file 'C:\Users\Keith\Documents\Git\568_Hub\568_WiFi\DataHub-Vivado\DataHub-Vivado.sdk\.sdk\launch_scripts\xilinx_c-c++_application_(system_debugger)\system_debugger_using_debug_datahub.elf_on_local.tcl'
00:01:35 INFO  : Disconnected from the channel tcfchan#11.
00:01:36 INFO  : 'targets -set -filter {jtag_cable_name =~ "Digilent Nexys4DDR 210292A4BB27A" && level==0} -index 0' command is executed.
00:01:36 INFO  : 'fpga -state' command is executed.
00:01:36 INFO  : Connected to target on host '127.0.0.1' and port '3121'.
00:01:36 INFO  : Jtag cable 'Digilent Nexys4DDR 210292A4BB27A' is selected.
00:01:36 INFO  : 'jtag frequency' command is executed.
00:01:36 INFO  : Context for processor 'microblaze_0' is selected.
00:01:36 INFO  : Processor reset is completed for 'microblaze_0'.
00:01:37 INFO  : Context for processor 'microblaze_0' is selected.
00:01:40 INFO  : The application 'C:/Users/Keith/Documents/Git/568_Hub/568_WiFi/DataHub-Vivado/DataHub-Vivado.sdk/DataHub/Debug/DataHub.elf' is downloaded to processor 'microblaze_0'.
00:01:40 INFO  : ----------------XSDB Script----------------
connect -url tcp:127.0.0.1:3121
targets -set -nocase -filter {name =~ "microblaze*#0" && bscan=="USER2"  && jtag_cable_name =~ "Digilent Nexys4DDR 210292A4BB27A"} -index 0
rst -processor
targets -set -nocase -filter {name =~ "microblaze*#0" && bscan=="USER2"  && jtag_cable_name =~ "Digilent Nexys4DDR 210292A4BB27A"} -index 0
dow C:/Users/Keith/Documents/Git/568_Hub/568_WiFi/DataHub-Vivado/DataHub-Vivado.sdk/DataHub/Debug/DataHub.elf
----------------End of Script----------------

00:01:40 INFO  : Memory regions updated for context MicroBlaze #0
00:01:40 INFO  : Memory regions updated for context MicroBlaze #0
00:01:40 INFO  : Context for processor 'microblaze_0' is selected.
00:01:40 INFO  : 'con' command is executed.
00:01:40 INFO  : ----------------XSDB Script (After Launch)----------------
targets -set -nocase -filter {name =~ "microblaze*#0" && bscan=="USER2"  && jtag_cable_name =~ "Digilent Nexys4DDR 210292A4BB27A"} -index 0
con
----------------End of Script----------------

00:01:40 INFO  : Launch script is exported to file 'C:\Users\Keith\Documents\Git\568_Hub\568_WiFi\DataHub-Vivado\DataHub-Vivado.sdk\.sdk\launch_scripts\xilinx_c-c++_application_(system_debugger)\system_debugger_using_debug_datahub.elf_on_local.tcl'
00:02:52 INFO  : Disconnected from the channel tcfchan#12.
00:02:53 INFO  : 'targets -set -filter {jtag_cable_name =~ "Digilent Nexys4DDR 210292A4BB27A" && level==0} -index 0' command is executed.
00:02:53 INFO  : 'fpga -state' command is executed.
00:02:53 INFO  : Connected to target on host '127.0.0.1' and port '3121'.
00:02:53 INFO  : Jtag cable 'Digilent Nexys4DDR 210292A4BB27A' is selected.
00:02:53 INFO  : 'jtag frequency' command is executed.
00:02:53 INFO  : Context for processor 'microblaze_0' is selected.
00:02:53 INFO  : Processor reset is completed for 'microblaze_0'.
00:02:53 INFO  : Context for processor 'microblaze_0' is selected.
00:02:57 INFO  : The application 'C:/Users/Keith/Documents/Git/568_Hub/568_WiFi/DataHub-Vivado/DataHub-Vivado.sdk/DataHub/Debug/DataHub.elf' is downloaded to processor 'microblaze_0'.
00:02:57 INFO  : ----------------XSDB Script----------------
connect -url tcp:127.0.0.1:3121
targets -set -nocase -filter {name =~ "microblaze*#0" && bscan=="USER2"  && jtag_cable_name =~ "Digilent Nexys4DDR 210292A4BB27A"} -index 0
rst -processor
targets -set -nocase -filter {name =~ "microblaze*#0" && bscan=="USER2"  && jtag_cable_name =~ "Digilent Nexys4DDR 210292A4BB27A"} -index 0
dow C:/Users/Keith/Documents/Git/568_Hub/568_WiFi/DataHub-Vivado/DataHub-Vivado.sdk/DataHub/Debug/DataHub.elf
----------------End of Script----------------

00:02:57 INFO  : Memory regions updated for context MicroBlaze #0
00:02:57 INFO  : Memory regions updated for context MicroBlaze #0
00:02:57 INFO  : Context for processor 'microblaze_0' is selected.
00:02:57 INFO  : 'con' command is executed.
00:02:57 INFO  : ----------------XSDB Script (After Launch)----------------
targets -set -nocase -filter {name =~ "microblaze*#0" && bscan=="USER2"  && jtag_cable_name =~ "Digilent Nexys4DDR 210292A4BB27A"} -index 0
con
----------------End of Script----------------

00:02:57 INFO  : Launch script is exported to file 'C:\Users\Keith\Documents\Git\568_Hub\568_WiFi\DataHub-Vivado\DataHub-Vivado.sdk\.sdk\launch_scripts\xilinx_c-c++_application_(system_debugger)\system_debugger_using_debug_datahub.elf_on_local.tcl'
17:45:01 INFO  : Connected to target on host '127.0.0.1' and port '3121'.
17:45:01 INFO  : 'targets -set -filter {jtag_cable_name =~ "Digilent Nexys4DDR 210292A4BB27A" && level==0} -index 0' command is executed.
17:45:03 INFO  : FPGA configured successfully with bitstream "C:/Users/Keith/Documents/Git/568_Hub/568_WiFi/DataHub-Vivado/DataHub-Vivado.sdk/DataHub_wrapper_hw_platform_0/download.bit"
19:24:04 INFO  : Disconnected from the channel tcfchan#13.
19:24:05 INFO  : 'targets -set -filter {jtag_cable_name =~ "Digilent Nexys4DDR 210292A4BB27A" && level==0} -index 0' command is executed.
19:24:05 INFO  : 'fpga -state' command is executed.
19:24:05 INFO  : Connected to target on host '127.0.0.1' and port '3121'.
19:24:05 INFO  : Jtag cable 'Digilent Nexys4DDR 210292A4BB27A' is selected.
19:24:05 INFO  : 'jtag frequency' command is executed.
19:24:06 INFO  : Context for processor 'microblaze_0' is selected.
19:24:06 INFO  : Processor reset is completed for 'microblaze_0'.
19:24:06 INFO  : Context for processor 'microblaze_0' is selected.
19:24:10 INFO  : The application 'C:/Users/Keith/Documents/Git/568_Hub/568_WiFi/DataHub-Vivado/DataHub-Vivado.sdk/DataHub/Debug/DataHub.elf' is downloaded to processor 'microblaze_0'.
19:24:10 INFO  : ----------------XSDB Script----------------
connect -url tcp:127.0.0.1:3121
targets -set -nocase -filter {name =~ "microblaze*#0" && bscan=="USER2"  && jtag_cable_name =~ "Digilent Nexys4DDR 210292A4BB27A"} -index 0
rst -processor
targets -set -nocase -filter {name =~ "microblaze*#0" && bscan=="USER2"  && jtag_cable_name =~ "Digilent Nexys4DDR 210292A4BB27A"} -index 0
dow C:/Users/Keith/Documents/Git/568_Hub/568_WiFi/DataHub-Vivado/DataHub-Vivado.sdk/DataHub/Debug/DataHub.elf
----------------End of Script----------------

19:24:10 INFO  : Memory regions updated for context MicroBlaze #0
19:24:10 INFO  : Memory regions updated for context MicroBlaze #0
19:24:10 INFO  : Context for processor 'microblaze_0' is selected.
19:24:10 INFO  : 'con' command is executed.
19:24:10 INFO  : ----------------XSDB Script (After Launch)----------------
targets -set -nocase -filter {name =~ "microblaze*#0" && bscan=="USER2"  && jtag_cable_name =~ "Digilent Nexys4DDR 210292A4BB27A"} -index 0
con
----------------End of Script----------------

19:24:10 INFO  : Launch script is exported to file 'C:\Users\Keith\Documents\Git\568_Hub\568_WiFi\DataHub-Vivado\DataHub-Vivado.sdk\.sdk\launch_scripts\xilinx_c-c++_application_(system_debugger)\system_debugger_using_debug_datahub.elf_on_local.tcl'
19:24:38 INFO  : Disconnected from the channel tcfchan#14.
19:24:40 INFO  : 'targets -set -filter {jtag_cable_name =~ "Digilent Nexys4DDR 210292A4BB27A" && level==0} -index 0' command is executed.
19:24:40 INFO  : 'fpga -state' command is executed.
19:24:40 INFO  : Connected to target on host '127.0.0.1' and port '3121'.
19:24:40 INFO  : Jtag cable 'Digilent Nexys4DDR 210292A4BB27A' is selected.
19:24:40 INFO  : 'jtag frequency' command is executed.
19:24:40 INFO  : Context for processor 'microblaze_0' is selected.
19:24:40 INFO  : Processor reset is completed for 'microblaze_0'.
19:24:40 INFO  : Context for processor 'microblaze_0' is selected.
19:24:44 INFO  : The application 'C:/Users/Keith/Documents/Git/568_Hub/568_WiFi/DataHub-Vivado/DataHub-Vivado.sdk/DataHub/Debug/DataHub.elf' is downloaded to processor 'microblaze_0'.
19:24:44 INFO  : ----------------XSDB Script----------------
connect -url tcp:127.0.0.1:3121
targets -set -nocase -filter {name =~ "microblaze*#0" && bscan=="USER2"  && jtag_cable_name =~ "Digilent Nexys4DDR 210292A4BB27A"} -index 0
rst -processor
targets -set -nocase -filter {name =~ "microblaze*#0" && bscan=="USER2"  && jtag_cable_name =~ "Digilent Nexys4DDR 210292A4BB27A"} -index 0
dow C:/Users/Keith/Documents/Git/568_Hub/568_WiFi/DataHub-Vivado/DataHub-Vivado.sdk/DataHub/Debug/DataHub.elf
----------------End of Script----------------

19:24:44 INFO  : Memory regions updated for context MicroBlaze #0
19:24:44 INFO  : Memory regions updated for context MicroBlaze #0
19:24:44 INFO  : Context for processor 'microblaze_0' is selected.
19:24:44 INFO  : 'con' command is executed.
19:24:44 INFO  : ----------------XSDB Script (After Launch)----------------
targets -set -nocase -filter {name =~ "microblaze*#0" && bscan=="USER2"  && jtag_cable_name =~ "Digilent Nexys4DDR 210292A4BB27A"} -index 0
con
----------------End of Script----------------

19:24:44 INFO  : Launch script is exported to file 'C:\Users\Keith\Documents\Git\568_Hub\568_WiFi\DataHub-Vivado\DataHub-Vivado.sdk\.sdk\launch_scripts\xilinx_c-c++_application_(system_debugger)\system_debugger_using_debug_datahub.elf_on_local.tcl'
19:31:20 INFO  : Disconnected from the channel tcfchan#15.
19:31:21 INFO  : 'targets -set -filter {jtag_cable_name =~ "Digilent Nexys4DDR 210292A4BB27A" && level==0} -index 0' command is executed.
19:31:21 INFO  : 'fpga -state' command is executed.
19:31:21 INFO  : Connected to target on host '127.0.0.1' and port '3121'.
19:31:21 INFO  : Jtag cable 'Digilent Nexys4DDR 210292A4BB27A' is selected.
19:31:21 INFO  : 'jtag frequency' command is executed.
19:31:21 INFO  : Context for processor 'microblaze_0' is selected.
19:31:21 INFO  : Processor reset is completed for 'microblaze_0'.
19:31:21 INFO  : Context for processor 'microblaze_0' is selected.
19:31:25 INFO  : The application 'C:/Users/Keith/Documents/Git/568_Hub/568_WiFi/DataHub-Vivado/DataHub-Vivado.sdk/DataHub/Debug/DataHub.elf' is downloaded to processor 'microblaze_0'.
19:31:25 INFO  : ----------------XSDB Script----------------
connect -url tcp:127.0.0.1:3121
targets -set -nocase -filter {name =~ "microblaze*#0" && bscan=="USER2"  && jtag_cable_name =~ "Digilent Nexys4DDR 210292A4BB27A"} -index 0
rst -processor
targets -set -nocase -filter {name =~ "microblaze*#0" && bscan=="USER2"  && jtag_cable_name =~ "Digilent Nexys4DDR 210292A4BB27A"} -index 0
dow C:/Users/Keith/Documents/Git/568_Hub/568_WiFi/DataHub-Vivado/DataHub-Vivado.sdk/DataHub/Debug/DataHub.elf
----------------End of Script----------------

19:31:26 INFO  : Memory regions updated for context MicroBlaze #0
19:31:26 INFO  : Memory regions updated for context MicroBlaze #0
19:31:26 INFO  : Context for processor 'microblaze_0' is selected.
19:31:26 INFO  : 'con' command is executed.
19:31:26 INFO  : ----------------XSDB Script (After Launch)----------------
targets -set -nocase -filter {name =~ "microblaze*#0" && bscan=="USER2"  && jtag_cable_name =~ "Digilent Nexys4DDR 210292A4BB27A"} -index 0
con
----------------End of Script----------------

19:31:26 INFO  : Launch script is exported to file 'C:\Users\Keith\Documents\Git\568_Hub\568_WiFi\DataHub-Vivado\DataHub-Vivado.sdk\.sdk\launch_scripts\xilinx_c-c++_application_(system_debugger)\system_debugger_using_debug_datahub.elf_on_local.tcl'
19:35:40 INFO  : Disconnected from the channel tcfchan#16.
19:35:41 INFO  : 'targets -set -filter {jtag_cable_name =~ "Digilent Nexys4DDR 210292A4BB27A" && level==0} -index 0' command is executed.
19:35:41 INFO  : 'fpga -state' command is executed.
19:35:41 INFO  : Connected to target on host '127.0.0.1' and port '3121'.
19:35:42 INFO  : Jtag cable 'Digilent Nexys4DDR 210292A4BB27A' is selected.
19:35:42 INFO  : 'jtag frequency' command is executed.
19:35:42 INFO  : Context for processor 'microblaze_0' is selected.
19:35:42 INFO  : Processor reset is completed for 'microblaze_0'.
19:35:42 INFO  : Context for processor 'microblaze_0' is selected.
19:35:46 INFO  : The application 'C:/Users/Keith/Documents/Git/568_Hub/568_WiFi/DataHub-Vivado/DataHub-Vivado.sdk/DataHub/Debug/DataHub.elf' is downloaded to processor 'microblaze_0'.
19:35:46 INFO  : ----------------XSDB Script----------------
connect -url tcp:127.0.0.1:3121
targets -set -nocase -filter {name =~ "microblaze*#0" && bscan=="USER2"  && jtag_cable_name =~ "Digilent Nexys4DDR 210292A4BB27A"} -index 0
rst -processor
targets -set -nocase -filter {name =~ "microblaze*#0" && bscan=="USER2"  && jtag_cable_name =~ "Digilent Nexys4DDR 210292A4BB27A"} -index 0
dow C:/Users/Keith/Documents/Git/568_Hub/568_WiFi/DataHub-Vivado/DataHub-Vivado.sdk/DataHub/Debug/DataHub.elf
----------------End of Script----------------

19:35:46 INFO  : Memory regions updated for context MicroBlaze #0
19:35:46 INFO  : Memory regions updated for context MicroBlaze #0
19:35:46 INFO  : Context for processor 'microblaze_0' is selected.
19:35:46 INFO  : 'con' command is executed.
19:35:46 INFO  : ----------------XSDB Script (After Launch)----------------
targets -set -nocase -filter {name =~ "microblaze*#0" && bscan=="USER2"  && jtag_cable_name =~ "Digilent Nexys4DDR 210292A4BB27A"} -index 0
con
----------------End of Script----------------

19:35:46 INFO  : Launch script is exported to file 'C:\Users\Keith\Documents\Git\568_Hub\568_WiFi\DataHub-Vivado\DataHub-Vivado.sdk\.sdk\launch_scripts\xilinx_c-c++_application_(system_debugger)\system_debugger_using_debug_datahub.elf_on_local.tcl'
19:38:08 INFO  : Disconnected from the channel tcfchan#17.
19:38:09 INFO  : 'targets -set -filter {jtag_cable_name =~ "Digilent Nexys4DDR 210292A4BB27A" && level==0} -index 0' command is executed.
19:38:09 INFO  : 'fpga -state' command is executed.
19:38:09 INFO  : Connected to target on host '127.0.0.1' and port '3121'.
19:38:09 INFO  : Jtag cable 'Digilent Nexys4DDR 210292A4BB27A' is selected.
19:38:09 INFO  : 'jtag frequency' command is executed.
19:38:09 INFO  : Context for processor 'microblaze_0' is selected.
19:38:09 INFO  : Processor reset is completed for 'microblaze_0'.
19:38:09 INFO  : Context for processor 'microblaze_0' is selected.
19:38:14 INFO  : The application 'C:/Users/Keith/Documents/Git/568_Hub/568_WiFi/DataHub-Vivado/DataHub-Vivado.sdk/DataHub/Debug/DataHub.elf' is downloaded to processor 'microblaze_0'.
19:38:14 INFO  : ----------------XSDB Script----------------
connect -url tcp:127.0.0.1:3121
targets -set -nocase -filter {name =~ "microblaze*#0" && bscan=="USER2"  && jtag_cable_name =~ "Digilent Nexys4DDR 210292A4BB27A"} -index 0
rst -processor
targets -set -nocase -filter {name =~ "microblaze*#0" && bscan=="USER2"  && jtag_cable_name =~ "Digilent Nexys4DDR 210292A4BB27A"} -index 0
dow C:/Users/Keith/Documents/Git/568_Hub/568_WiFi/DataHub-Vivado/DataHub-Vivado.sdk/DataHub/Debug/DataHub.elf
----------------End of Script----------------

19:38:14 INFO  : Memory regions updated for context MicroBlaze #0
19:38:14 INFO  : Memory regions updated for context MicroBlaze #0
19:38:14 INFO  : Context for processor 'microblaze_0' is selected.
19:38:14 INFO  : 'con' command is executed.
19:38:14 INFO  : ----------------XSDB Script (After Launch)----------------
targets -set -nocase -filter {name =~ "microblaze*#0" && bscan=="USER2"  && jtag_cable_name =~ "Digilent Nexys4DDR 210292A4BB27A"} -index 0
con
----------------End of Script----------------

19:38:14 INFO  : Launch script is exported to file 'C:\Users\Keith\Documents\Git\568_Hub\568_WiFi\DataHub-Vivado\DataHub-Vivado.sdk\.sdk\launch_scripts\xilinx_c-c++_application_(system_debugger)\system_debugger_using_debug_datahub.elf_on_local.tcl'
19:45:52 INFO  : Disconnected from the channel tcfchan#18.
19:45:53 INFO  : 'targets -set -filter {jtag_cable_name =~ "Digilent Nexys4DDR 210292A4BB27A" && level==0} -index 0' command is executed.
19:45:53 INFO  : 'fpga -state' command is executed.
19:45:53 INFO  : Connected to target on host '127.0.0.1' and port '3121'.
19:45:53 INFO  : Jtag cable 'Digilent Nexys4DDR 210292A4BB27A' is selected.
19:45:53 INFO  : 'jtag frequency' command is executed.
19:45:53 INFO  : Context for processor 'microblaze_0' is selected.
19:45:53 INFO  : Processor reset is completed for 'microblaze_0'.
19:45:53 INFO  : Context for processor 'microblaze_0' is selected.
19:45:58 INFO  : The application 'C:/Users/Keith/Documents/Git/568_Hub/568_WiFi/DataHub-Vivado/DataHub-Vivado.sdk/DataHub/Debug/DataHub.elf' is downloaded to processor 'microblaze_0'.
19:45:58 INFO  : ----------------XSDB Script----------------
connect -url tcp:127.0.0.1:3121
targets -set -nocase -filter {name =~ "microblaze*#0" && bscan=="USER2"  && jtag_cable_name =~ "Digilent Nexys4DDR 210292A4BB27A"} -index 0
rst -processor
targets -set -nocase -filter {name =~ "microblaze*#0" && bscan=="USER2"  && jtag_cable_name =~ "Digilent Nexys4DDR 210292A4BB27A"} -index 0
dow C:/Users/Keith/Documents/Git/568_Hub/568_WiFi/DataHub-Vivado/DataHub-Vivado.sdk/DataHub/Debug/DataHub.elf
----------------End of Script----------------

19:45:58 INFO  : Memory regions updated for context MicroBlaze #0
19:45:58 INFO  : Memory regions updated for context MicroBlaze #0
19:45:58 INFO  : Context for processor 'microblaze_0' is selected.
19:45:58 INFO  : 'con' command is executed.
19:45:58 INFO  : ----------------XSDB Script (After Launch)----------------
targets -set -nocase -filter {name =~ "microblaze*#0" && bscan=="USER2"  && jtag_cable_name =~ "Digilent Nexys4DDR 210292A4BB27A"} -index 0
con
----------------End of Script----------------

19:45:58 INFO  : Launch script is exported to file 'C:\Users\Keith\Documents\Git\568_Hub\568_WiFi\DataHub-Vivado\DataHub-Vivado.sdk\.sdk\launch_scripts\xilinx_c-c++_application_(system_debugger)\system_debugger_using_debug_datahub.elf_on_local.tcl'
19:49:30 INFO  : Disconnected from the channel tcfchan#19.
19:49:31 INFO  : 'targets -set -filter {jtag_cable_name =~ "Digilent Nexys4DDR 210292A4BB27A" && level==0} -index 0' command is executed.
19:49:31 INFO  : 'fpga -state' command is executed.
19:49:31 INFO  : Connected to target on host '127.0.0.1' and port '3121'.
19:49:31 INFO  : Jtag cable 'Digilent Nexys4DDR 210292A4BB27A' is selected.
19:49:31 INFO  : 'jtag frequency' command is executed.
19:49:31 INFO  : Context for processor 'microblaze_0' is selected.
19:49:31 INFO  : Processor reset is completed for 'microblaze_0'.
19:49:31 INFO  : Context for processor 'microblaze_0' is selected.
19:49:35 INFO  : The application 'C:/Users/Keith/Documents/Git/568_Hub/568_WiFi/DataHub-Vivado/DataHub-Vivado.sdk/DataHub/Debug/DataHub.elf' is downloaded to processor 'microblaze_0'.
19:49:35 INFO  : ----------------XSDB Script----------------
connect -url tcp:127.0.0.1:3121
targets -set -nocase -filter {name =~ "microblaze*#0" && bscan=="USER2"  && jtag_cable_name =~ "Digilent Nexys4DDR 210292A4BB27A"} -index 0
rst -processor
targets -set -nocase -filter {name =~ "microblaze*#0" && bscan=="USER2"  && jtag_cable_name =~ "Digilent Nexys4DDR 210292A4BB27A"} -index 0
dow C:/Users/Keith/Documents/Git/568_Hub/568_WiFi/DataHub-Vivado/DataHub-Vivado.sdk/DataHub/Debug/DataHub.elf
----------------End of Script----------------

19:49:35 INFO  : Memory regions updated for context MicroBlaze #0
19:49:35 INFO  : Memory regions updated for context MicroBlaze #0
19:49:35 INFO  : Context for processor 'microblaze_0' is selected.
19:49:35 INFO  : 'con' command is executed.
19:49:35 INFO  : ----------------XSDB Script (After Launch)----------------
targets -set -nocase -filter {name =~ "microblaze*#0" && bscan=="USER2"  && jtag_cable_name =~ "Digilent Nexys4DDR 210292A4BB27A"} -index 0
con
----------------End of Script----------------

19:49:35 INFO  : Launch script is exported to file 'C:\Users\Keith\Documents\Git\568_Hub\568_WiFi\DataHub-Vivado\DataHub-Vivado.sdk\.sdk\launch_scripts\xilinx_c-c++_application_(system_debugger)\system_debugger_using_debug_datahub.elf_on_local.tcl'
19:55:23 INFO  : Disconnected from the channel tcfchan#20.
19:55:25 INFO  : 'targets -set -filter {jtag_cable_name =~ "Digilent Nexys4DDR 210292A4BB27A" && level==0} -index 0' command is executed.
19:55:25 INFO  : 'fpga -state' command is executed.
19:55:25 INFO  : Connected to target on host '127.0.0.1' and port '3121'.
19:55:25 INFO  : Jtag cable 'Digilent Nexys4DDR 210292A4BB27A' is selected.
19:55:25 INFO  : 'jtag frequency' command is executed.
19:55:25 INFO  : Context for processor 'microblaze_0' is selected.
19:55:25 INFO  : Processor reset is completed for 'microblaze_0'.
19:55:25 INFO  : Context for processor 'microblaze_0' is selected.
19:55:29 INFO  : The application 'C:/Users/Keith/Documents/Git/568_Hub/568_WiFi/DataHub-Vivado/DataHub-Vivado.sdk/DataHub/Debug/DataHub.elf' is downloaded to processor 'microblaze_0'.
19:55:29 INFO  : ----------------XSDB Script----------------
connect -url tcp:127.0.0.1:3121
targets -set -nocase -filter {name =~ "microblaze*#0" && bscan=="USER2"  && jtag_cable_name =~ "Digilent Nexys4DDR 210292A4BB27A"} -index 0
rst -processor
targets -set -nocase -filter {name =~ "microblaze*#0" && bscan=="USER2"  && jtag_cable_name =~ "Digilent Nexys4DDR 210292A4BB27A"} -index 0
dow C:/Users/Keith/Documents/Git/568_Hub/568_WiFi/DataHub-Vivado/DataHub-Vivado.sdk/DataHub/Debug/DataHub.elf
----------------End of Script----------------

19:55:29 INFO  : Memory regions updated for context MicroBlaze #0
19:55:29 INFO  : Memory regions updated for context MicroBlaze #0
19:55:29 INFO  : Context for processor 'microblaze_0' is selected.
19:55:29 INFO  : 'con' command is executed.
19:55:29 INFO  : ----------------XSDB Script (After Launch)----------------
targets -set -nocase -filter {name =~ "microblaze*#0" && bscan=="USER2"  && jtag_cable_name =~ "Digilent Nexys4DDR 210292A4BB27A"} -index 0
con
----------------End of Script----------------

19:55:30 INFO  : Launch script is exported to file 'C:\Users\Keith\Documents\Git\568_Hub\568_WiFi\DataHub-Vivado\DataHub-Vivado.sdk\.sdk\launch_scripts\xilinx_c-c++_application_(system_debugger)\system_debugger_using_debug_datahub.elf_on_local.tcl'
19:59:03 INFO  : Disconnected from the channel tcfchan#21.
19:59:54 INFO  : 'targets -set -filter {jtag_cable_name =~ "Digilent Nexys4DDR 210292A4BB27A" && level==0} -index 0' command is executed.
19:59:54 INFO  : 'fpga -state' command is executed.
19:59:54 INFO  : Connected to target on host '127.0.0.1' and port '3121'.
19:59:54 INFO  : Jtag cable 'Digilent Nexys4DDR 210292A4BB27A' is selected.
19:59:54 INFO  : 'jtag frequency' command is executed.
19:59:54 INFO  : Context for processor 'microblaze_0' is selected.
19:59:54 INFO  : Processor reset is completed for 'microblaze_0'.
19:59:54 INFO  : Context for processor 'microblaze_0' is selected.
19:59:58 INFO  : The application 'C:/Users/Keith/Documents/Git/568_Hub/568_WiFi/DataHub-Vivado/DataHub-Vivado.sdk/DataHub/Debug/DataHub.elf' is downloaded to processor 'microblaze_0'.
19:59:58 INFO  : ----------------XSDB Script----------------
connect -url tcp:127.0.0.1:3121
targets -set -nocase -filter {name =~ "microblaze*#0" && bscan=="USER2"  && jtag_cable_name =~ "Digilent Nexys4DDR 210292A4BB27A"} -index 0
rst -processor
targets -set -nocase -filter {name =~ "microblaze*#0" && bscan=="USER2"  && jtag_cable_name =~ "Digilent Nexys4DDR 210292A4BB27A"} -index 0
dow C:/Users/Keith/Documents/Git/568_Hub/568_WiFi/DataHub-Vivado/DataHub-Vivado.sdk/DataHub/Debug/DataHub.elf
----------------End of Script----------------

19:59:58 INFO  : Memory regions updated for context MicroBlaze #0
19:59:58 INFO  : Memory regions updated for context MicroBlaze #0
19:59:58 INFO  : Context for processor 'microblaze_0' is selected.
19:59:58 INFO  : 'con' command is executed.
19:59:58 INFO  : ----------------XSDB Script (After Launch)----------------
targets -set -nocase -filter {name =~ "microblaze*#0" && bscan=="USER2"  && jtag_cable_name =~ "Digilent Nexys4DDR 210292A4BB27A"} -index 0
con
----------------End of Script----------------

19:59:58 INFO  : Launch script is exported to file 'C:\Users\Keith\Documents\Git\568_Hub\568_WiFi\DataHub-Vivado\DataHub-Vivado.sdk\.sdk\launch_scripts\xilinx_c-c++_application_(system_debugger)\system_debugger_using_debug_datahub.elf_on_local.tcl'
20:00:10 INFO  : Disconnected from the channel tcfchan#22.
20:00:11 INFO  : 'targets -set -filter {jtag_cable_name =~ "Digilent Nexys4DDR 210292A4BB27A" && level==0} -index 0' command is executed.
20:00:11 INFO  : 'fpga -state' command is executed.
20:00:11 INFO  : Connected to target on host '127.0.0.1' and port '3121'.
20:00:12 INFO  : Jtag cable 'Digilent Nexys4DDR 210292A4BB27A' is selected.
20:00:12 INFO  : 'jtag frequency' command is executed.
20:00:12 INFO  : Context for processor 'microblaze_0' is selected.
20:00:12 INFO  : Processor reset is completed for 'microblaze_0'.
20:00:12 INFO  : Context for processor 'microblaze_0' is selected.
20:00:16 INFO  : The application 'C:/Users/Keith/Documents/Git/568_Hub/568_WiFi/DataHub-Vivado/DataHub-Vivado.sdk/DataHub/Debug/DataHub.elf' is downloaded to processor 'microblaze_0'.
20:00:16 INFO  : ----------------XSDB Script----------------
connect -url tcp:127.0.0.1:3121
targets -set -nocase -filter {name =~ "microblaze*#0" && bscan=="USER2"  && jtag_cable_name =~ "Digilent Nexys4DDR 210292A4BB27A"} -index 0
rst -processor
targets -set -nocase -filter {name =~ "microblaze*#0" && bscan=="USER2"  && jtag_cable_name =~ "Digilent Nexys4DDR 210292A4BB27A"} -index 0
dow C:/Users/Keith/Documents/Git/568_Hub/568_WiFi/DataHub-Vivado/DataHub-Vivado.sdk/DataHub/Debug/DataHub.elf
----------------End of Script----------------

20:00:16 INFO  : Memory regions updated for context MicroBlaze #0
20:00:16 INFO  : Memory regions updated for context MicroBlaze #0
20:00:16 INFO  : Context for processor 'microblaze_0' is selected.
20:00:16 INFO  : 'con' command is executed.
20:00:16 INFO  : ----------------XSDB Script (After Launch)----------------
targets -set -nocase -filter {name =~ "microblaze*#0" && bscan=="USER2"  && jtag_cable_name =~ "Digilent Nexys4DDR 210292A4BB27A"} -index 0
con
----------------End of Script----------------

20:00:16 INFO  : Launch script is exported to file 'C:\Users\Keith\Documents\Git\568_Hub\568_WiFi\DataHub-Vivado\DataHub-Vivado.sdk\.sdk\launch_scripts\xilinx_c-c++_application_(system_debugger)\system_debugger_using_debug_datahub.elf_on_local.tcl'
20:22:20 INFO  : Disconnected from the channel tcfchan#23.
20:23:33 INFO  : 'targets -set -filter {jtag_cable_name =~ "Digilent Nexys4DDR 210292A4BB27A" && level==0} -index 0' command is executed.
20:23:33 INFO  : 'fpga -state' command is executed.
20:23:33 INFO  : Connected to target on host '127.0.0.1' and port '3121'.
20:23:33 INFO  : Jtag cable 'Digilent Nexys4DDR 210292A4BB27A' is selected.
20:23:33 INFO  : 'jtag frequency' command is executed.
20:23:33 INFO  : Context for processor 'microblaze_0' is selected.
20:23:33 INFO  : Processor reset is completed for 'microblaze_0'.
20:23:33 INFO  : Context for processor 'microblaze_0' is selected.
20:23:37 INFO  : The application 'C:/Users/Keith/Documents/Git/568_Hub/568_WiFi/DataHub-Vivado/DataHub-Vivado.sdk/DataHub/Debug/DataHub.elf' is downloaded to processor 'microblaze_0'.
20:23:37 INFO  : ----------------XSDB Script----------------
connect -url tcp:127.0.0.1:3121
targets -set -nocase -filter {name =~ "microblaze*#0" && bscan=="USER2"  && jtag_cable_name =~ "Digilent Nexys4DDR 210292A4BB27A"} -index 0
rst -processor
targets -set -nocase -filter {name =~ "microblaze*#0" && bscan=="USER2"  && jtag_cable_name =~ "Digilent Nexys4DDR 210292A4BB27A"} -index 0
dow C:/Users/Keith/Documents/Git/568_Hub/568_WiFi/DataHub-Vivado/DataHub-Vivado.sdk/DataHub/Debug/DataHub.elf
----------------End of Script----------------

20:23:38 INFO  : Memory regions updated for context MicroBlaze #0
20:23:38 INFO  : Memory regions updated for context MicroBlaze #0
20:23:38 INFO  : Context for processor 'microblaze_0' is selected.
20:23:38 INFO  : 'con' command is executed.
20:23:38 INFO  : ----------------XSDB Script (After Launch)----------------
targets -set -nocase -filter {name =~ "microblaze*#0" && bscan=="USER2"  && jtag_cable_name =~ "Digilent Nexys4DDR 210292A4BB27A"} -index 0
con
----------------End of Script----------------

20:23:38 INFO  : Launch script is exported to file 'C:\Users\Keith\Documents\Git\568_Hub\568_WiFi\DataHub-Vivado\DataHub-Vivado.sdk\.sdk\launch_scripts\xilinx_c-c++_application_(system_debugger)\system_debugger_using_debug_datahub.elf_on_local.tcl'
20:23:46 INFO  : Disconnected from the channel tcfchan#24.
20:23:48 INFO  : 'targets -set -filter {jtag_cable_name =~ "Digilent Nexys4DDR 210292A4BB27A" && level==0} -index 0' command is executed.
20:23:48 INFO  : 'fpga -state' command is executed.
20:23:48 INFO  : Connected to target on host '127.0.0.1' and port '3121'.
20:23:48 INFO  : Jtag cable 'Digilent Nexys4DDR 210292A4BB27A' is selected.
20:23:48 INFO  : 'jtag frequency' command is executed.
20:23:48 INFO  : Context for processor 'microblaze_0' is selected.
20:23:48 INFO  : Processor reset is completed for 'microblaze_0'.
20:23:48 INFO  : Context for processor 'microblaze_0' is selected.
20:23:52 INFO  : The application 'C:/Users/Keith/Documents/Git/568_Hub/568_WiFi/DataHub-Vivado/DataHub-Vivado.sdk/DataHub/Debug/DataHub.elf' is downloaded to processor 'microblaze_0'.
20:23:52 INFO  : ----------------XSDB Script----------------
connect -url tcp:127.0.0.1:3121
targets -set -nocase -filter {name =~ "microblaze*#0" && bscan=="USER2"  && jtag_cable_name =~ "Digilent Nexys4DDR 210292A4BB27A"} -index 0
rst -processor
targets -set -nocase -filter {name =~ "microblaze*#0" && bscan=="USER2"  && jtag_cable_name =~ "Digilent Nexys4DDR 210292A4BB27A"} -index 0
dow C:/Users/Keith/Documents/Git/568_Hub/568_WiFi/DataHub-Vivado/DataHub-Vivado.sdk/DataHub/Debug/DataHub.elf
----------------End of Script----------------

20:23:52 INFO  : Memory regions updated for context MicroBlaze #0
20:23:52 INFO  : Memory regions updated for context MicroBlaze #0
20:23:52 INFO  : Context for processor 'microblaze_0' is selected.
20:23:52 INFO  : 'con' command is executed.
20:23:52 INFO  : ----------------XSDB Script (After Launch)----------------
targets -set -nocase -filter {name =~ "microblaze*#0" && bscan=="USER2"  && jtag_cable_name =~ "Digilent Nexys4DDR 210292A4BB27A"} -index 0
con
----------------End of Script----------------

20:23:52 INFO  : Launch script is exported to file 'C:\Users\Keith\Documents\Git\568_Hub\568_WiFi\DataHub-Vivado\DataHub-Vivado.sdk\.sdk\launch_scripts\xilinx_c-c++_application_(system_debugger)\system_debugger_using_debug_datahub.elf_on_local.tcl'
21:05:29 INFO  : Disconnected from the channel tcfchan#25.
21:05:30 INFO  : 'targets -set -filter {jtag_cable_name =~ "Digilent Nexys4DDR 210292A4BB27A" && level==0} -index 0' command is executed.
21:05:31 INFO  : 'fpga -state' command is executed.
21:05:31 INFO  : Connected to target on host '127.0.0.1' and port '3121'.
21:05:31 INFO  : Jtag cable 'Digilent Nexys4DDR 210292A4BB27A' is selected.
21:05:31 INFO  : 'jtag frequency' command is executed.
21:05:31 INFO  : Context for processor 'microblaze_0' is selected.
21:05:31 INFO  : Processor reset is completed for 'microblaze_0'.
21:05:31 INFO  : Context for processor 'microblaze_0' is selected.
21:05:35 INFO  : The application 'C:/Users/Keith/Documents/Git/568_Hub/568_WiFi/DataHub-Vivado/DataHub-Vivado.sdk/DataHub/Debug/DataHub.elf' is downloaded to processor 'microblaze_0'.
21:05:35 INFO  : ----------------XSDB Script----------------
connect -url tcp:127.0.0.1:3121
targets -set -nocase -filter {name =~ "microblaze*#0" && bscan=="USER2"  && jtag_cable_name =~ "Digilent Nexys4DDR 210292A4BB27A"} -index 0
rst -processor
targets -set -nocase -filter {name =~ "microblaze*#0" && bscan=="USER2"  && jtag_cable_name =~ "Digilent Nexys4DDR 210292A4BB27A"} -index 0
dow C:/Users/Keith/Documents/Git/568_Hub/568_WiFi/DataHub-Vivado/DataHub-Vivado.sdk/DataHub/Debug/DataHub.elf
----------------End of Script----------------

21:05:35 INFO  : Memory regions updated for context MicroBlaze #0
21:05:35 INFO  : Memory regions updated for context MicroBlaze #0
21:05:35 INFO  : Context for processor 'microblaze_0' is selected.
21:05:35 INFO  : 'con' command is executed.
21:05:35 INFO  : ----------------XSDB Script (After Launch)----------------
targets -set -nocase -filter {name =~ "microblaze*#0" && bscan=="USER2"  && jtag_cable_name =~ "Digilent Nexys4DDR 210292A4BB27A"} -index 0
con
----------------End of Script----------------

21:05:35 INFO  : Launch script is exported to file 'C:\Users\Keith\Documents\Git\568_Hub\568_WiFi\DataHub-Vivado\DataHub-Vivado.sdk\.sdk\launch_scripts\xilinx_c-c++_application_(system_debugger)\system_debugger_using_debug_datahub.elf_on_local.tcl'
21:08:51 INFO  : Disconnected from the channel tcfchan#26.
21:08:53 INFO  : 'targets -set -filter {jtag_cable_name =~ "Digilent Nexys4DDR 210292A4BB27A" && level==0} -index 0' command is executed.
21:08:53 INFO  : 'fpga -state' command is executed.
21:08:53 INFO  : Connected to target on host '127.0.0.1' and port '3121'.
21:08:53 INFO  : Jtag cable 'Digilent Nexys4DDR 210292A4BB27A' is selected.
21:08:53 INFO  : 'jtag frequency' command is executed.
21:08:53 INFO  : Context for processor 'microblaze_0' is selected.
21:08:53 INFO  : Processor reset is completed for 'microblaze_0'.
21:08:53 INFO  : Context for processor 'microblaze_0' is selected.
21:08:57 INFO  : The application 'C:/Users/Keith/Documents/Git/568_Hub/568_WiFi/DataHub-Vivado/DataHub-Vivado.sdk/DataHub/Debug/DataHub.elf' is downloaded to processor 'microblaze_0'.
21:08:57 INFO  : ----------------XSDB Script----------------
connect -url tcp:127.0.0.1:3121
targets -set -nocase -filter {name =~ "microblaze*#0" && bscan=="USER2"  && jtag_cable_name =~ "Digilent Nexys4DDR 210292A4BB27A"} -index 0
rst -processor
targets -set -nocase -filter {name =~ "microblaze*#0" && bscan=="USER2"  && jtag_cable_name =~ "Digilent Nexys4DDR 210292A4BB27A"} -index 0
dow C:/Users/Keith/Documents/Git/568_Hub/568_WiFi/DataHub-Vivado/DataHub-Vivado.sdk/DataHub/Debug/DataHub.elf
----------------End of Script----------------

21:08:57 INFO  : Memory regions updated for context MicroBlaze #0
21:08:57 INFO  : Memory regions updated for context MicroBlaze #0
21:08:57 INFO  : Context for processor 'microblaze_0' is selected.
21:08:57 INFO  : 'con' command is executed.
21:08:57 INFO  : ----------------XSDB Script (After Launch)----------------
targets -set -nocase -filter {name =~ "microblaze*#0" && bscan=="USER2"  && jtag_cable_name =~ "Digilent Nexys4DDR 210292A4BB27A"} -index 0
con
----------------End of Script----------------

21:08:57 INFO  : Launch script is exported to file 'C:\Users\Keith\Documents\Git\568_Hub\568_WiFi\DataHub-Vivado\DataHub-Vivado.sdk\.sdk\launch_scripts\xilinx_c-c++_application_(system_debugger)\system_debugger_using_debug_datahub.elf_on_local.tcl'
21:14:03 INFO  : Disconnected from the channel tcfchan#27.
21:14:04 INFO  : 'targets -set -filter {jtag_cable_name =~ "Digilent Nexys4DDR 210292A4BB27A" && level==0} -index 0' command is executed.
21:14:04 INFO  : 'fpga -state' command is executed.
21:14:04 INFO  : Connected to target on host '127.0.0.1' and port '3121'.
21:14:05 INFO  : Jtag cable 'Digilent Nexys4DDR 210292A4BB27A' is selected.
21:14:05 INFO  : 'jtag frequency' command is executed.
21:14:05 INFO  : Context for processor 'microblaze_0' is selected.
21:14:05 INFO  : Processor reset is completed for 'microblaze_0'.
21:14:05 INFO  : Context for processor 'microblaze_0' is selected.
21:14:09 INFO  : The application 'C:/Users/Keith/Documents/Git/568_Hub/568_WiFi/DataHub-Vivado/DataHub-Vivado.sdk/DataHub/Debug/DataHub.elf' is downloaded to processor 'microblaze_0'.
21:14:09 INFO  : ----------------XSDB Script----------------
connect -url tcp:127.0.0.1:3121
targets -set -nocase -filter {name =~ "microblaze*#0" && bscan=="USER2"  && jtag_cable_name =~ "Digilent Nexys4DDR 210292A4BB27A"} -index 0
rst -processor
targets -set -nocase -filter {name =~ "microblaze*#0" && bscan=="USER2"  && jtag_cable_name =~ "Digilent Nexys4DDR 210292A4BB27A"} -index 0
dow C:/Users/Keith/Documents/Git/568_Hub/568_WiFi/DataHub-Vivado/DataHub-Vivado.sdk/DataHub/Debug/DataHub.elf
----------------End of Script----------------

21:14:09 INFO  : Memory regions updated for context MicroBlaze #0
21:14:09 INFO  : Memory regions updated for context MicroBlaze #0
21:14:09 INFO  : Context for processor 'microblaze_0' is selected.
21:14:09 INFO  : 'con' command is executed.
21:14:09 INFO  : ----------------XSDB Script (After Launch)----------------
targets -set -nocase -filter {name =~ "microblaze*#0" && bscan=="USER2"  && jtag_cable_name =~ "Digilent Nexys4DDR 210292A4BB27A"} -index 0
con
----------------End of Script----------------

21:14:09 INFO  : Launch script is exported to file 'C:\Users\Keith\Documents\Git\568_Hub\568_WiFi\DataHub-Vivado\DataHub-Vivado.sdk\.sdk\launch_scripts\xilinx_c-c++_application_(system_debugger)\system_debugger_using_debug_datahub.elf_on_local.tcl'
21:16:47 INFO  : Disconnected from the channel tcfchan#28.
21:16:48 INFO  : 'targets -set -filter {jtag_cable_name =~ "Digilent Nexys4DDR 210292A4BB27A" && level==0} -index 0' command is executed.
21:16:49 INFO  : 'fpga -state' command is executed.
21:16:49 INFO  : Connected to target on host '127.0.0.1' and port '3121'.
21:16:49 INFO  : Jtag cable 'Digilent Nexys4DDR 210292A4BB27A' is selected.
21:16:49 INFO  : 'jtag frequency' command is executed.
21:16:49 INFO  : Context for processor 'microblaze_0' is selected.
21:16:49 INFO  : Processor reset is completed for 'microblaze_0'.
21:16:49 INFO  : Context for processor 'microblaze_0' is selected.
21:16:53 INFO  : The application 'C:/Users/Keith/Documents/Git/568_Hub/568_WiFi/DataHub-Vivado/DataHub-Vivado.sdk/DataHub/Debug/DataHub.elf' is downloaded to processor 'microblaze_0'.
21:16:53 INFO  : ----------------XSDB Script----------------
connect -url tcp:127.0.0.1:3121
targets -set -nocase -filter {name =~ "microblaze*#0" && bscan=="USER2"  && jtag_cable_name =~ "Digilent Nexys4DDR 210292A4BB27A"} -index 0
rst -processor
targets -set -nocase -filter {name =~ "microblaze*#0" && bscan=="USER2"  && jtag_cable_name =~ "Digilent Nexys4DDR 210292A4BB27A"} -index 0
dow C:/Users/Keith/Documents/Git/568_Hub/568_WiFi/DataHub-Vivado/DataHub-Vivado.sdk/DataHub/Debug/DataHub.elf
----------------End of Script----------------

21:16:53 INFO  : Memory regions updated for context MicroBlaze #0
21:16:53 INFO  : Memory regions updated for context MicroBlaze #0
21:16:53 INFO  : Context for processor 'microblaze_0' is selected.
21:16:53 INFO  : 'con' command is executed.
21:16:53 INFO  : ----------------XSDB Script (After Launch)----------------
targets -set -nocase -filter {name =~ "microblaze*#0" && bscan=="USER2"  && jtag_cable_name =~ "Digilent Nexys4DDR 210292A4BB27A"} -index 0
con
----------------End of Script----------------

21:16:53 INFO  : Launch script is exported to file 'C:\Users\Keith\Documents\Git\568_Hub\568_WiFi\DataHub-Vivado\DataHub-Vivado.sdk\.sdk\launch_scripts\xilinx_c-c++_application_(system_debugger)\system_debugger_using_debug_datahub.elf_on_local.tcl'
21:52:38 INFO  : Disconnected from the channel tcfchan#29.
21:52:39 INFO  : 'targets -set -filter {jtag_cable_name =~ "Digilent Nexys4DDR 210292A4BB27A" && level==0} -index 0' command is executed.
21:52:39 INFO  : 'fpga -state' command is executed.
21:52:39 INFO  : Connected to target on host '127.0.0.1' and port '3121'.
21:52:39 INFO  : Jtag cable 'Digilent Nexys4DDR 210292A4BB27A' is selected.
21:52:39 INFO  : 'jtag frequency' command is executed.
21:52:39 INFO  : Context for processor 'microblaze_0' is selected.
21:52:39 INFO  : Processor reset is completed for 'microblaze_0'.
21:52:39 INFO  : Context for processor 'microblaze_0' is selected.
21:52:44 INFO  : The application 'C:/Users/Keith/Documents/Git/568_Hub/568_WiFi/DataHub-Vivado/DataHub-Vivado.sdk/DataHub/Debug/DataHub.elf' is downloaded to processor 'microblaze_0'.
21:52:44 INFO  : ----------------XSDB Script----------------
connect -url tcp:127.0.0.1:3121
targets -set -nocase -filter {name =~ "microblaze*#0" && bscan=="USER2"  && jtag_cable_name =~ "Digilent Nexys4DDR 210292A4BB27A"} -index 0
rst -processor
targets -set -nocase -filter {name =~ "microblaze*#0" && bscan=="USER2"  && jtag_cable_name =~ "Digilent Nexys4DDR 210292A4BB27A"} -index 0
dow C:/Users/Keith/Documents/Git/568_Hub/568_WiFi/DataHub-Vivado/DataHub-Vivado.sdk/DataHub/Debug/DataHub.elf
----------------End of Script----------------

21:52:44 INFO  : Memory regions updated for context MicroBlaze #0
21:52:44 INFO  : Memory regions updated for context MicroBlaze #0
21:52:44 INFO  : Context for processor 'microblaze_0' is selected.
21:52:44 INFO  : 'con' command is executed.
21:52:44 INFO  : ----------------XSDB Script (After Launch)----------------
targets -set -nocase -filter {name =~ "microblaze*#0" && bscan=="USER2"  && jtag_cable_name =~ "Digilent Nexys4DDR 210292A4BB27A"} -index 0
con
----------------End of Script----------------

21:52:44 INFO  : Launch script is exported to file 'C:\Users\Keith\Documents\Git\568_Hub\568_WiFi\DataHub-Vivado\DataHub-Vivado.sdk\.sdk\launch_scripts\xilinx_c-c++_application_(system_debugger)\system_debugger_using_debug_datahub.elf_on_local.tcl'
21:53:06 INFO  : Disconnected from the channel tcfchan#30.
21:53:16 INFO  : 'targets -set -filter {jtag_cable_name =~ "Digilent Nexys4DDR 210292A4BB27A" && level==0} -index 0' command is executed.
21:53:16 INFO  : 'fpga -state' command is executed.
21:53:16 INFO  : Connected to target on host '127.0.0.1' and port '3121'.
21:53:16 INFO  : Jtag cable 'Digilent Nexys4DDR 210292A4BB27A' is selected.
21:53:16 INFO  : 'jtag frequency' command is executed.
21:53:16 INFO  : Context for processor 'microblaze_0' is selected.
21:53:16 INFO  : Processor reset is completed for 'microblaze_0'.
21:53:16 INFO  : Context for processor 'microblaze_0' is selected.
21:53:20 INFO  : The application 'C:/Users/Keith/Documents/Git/568_Hub/568_WiFi/DataHub-Vivado/DataHub-Vivado.sdk/DataHub/Debug/DataHub.elf' is downloaded to processor 'microblaze_0'.
21:53:20 INFO  : ----------------XSDB Script----------------
connect -url tcp:127.0.0.1:3121
targets -set -nocase -filter {name =~ "microblaze*#0" && bscan=="USER2"  && jtag_cable_name =~ "Digilent Nexys4DDR 210292A4BB27A"} -index 0
rst -processor
targets -set -nocase -filter {name =~ "microblaze*#0" && bscan=="USER2"  && jtag_cable_name =~ "Digilent Nexys4DDR 210292A4BB27A"} -index 0
dow C:/Users/Keith/Documents/Git/568_Hub/568_WiFi/DataHub-Vivado/DataHub-Vivado.sdk/DataHub/Debug/DataHub.elf
----------------End of Script----------------

21:53:20 INFO  : Memory regions updated for context MicroBlaze #0
21:53:20 INFO  : Memory regions updated for context MicroBlaze #0
21:53:21 INFO  : Context for processor 'microblaze_0' is selected.
21:53:21 INFO  : 'con' command is executed.
21:53:21 INFO  : ----------------XSDB Script (After Launch)----------------
targets -set -nocase -filter {name =~ "microblaze*#0" && bscan=="USER2"  && jtag_cable_name =~ "Digilent Nexys4DDR 210292A4BB27A"} -index 0
con
----------------End of Script----------------

21:53:21 INFO  : Launch script is exported to file 'C:\Users\Keith\Documents\Git\568_Hub\568_WiFi\DataHub-Vivado\DataHub-Vivado.sdk\.sdk\launch_scripts\xilinx_c-c++_application_(system_debugger)\system_debugger_using_debug_datahub.elf_on_local.tcl'
22:04:07 INFO  : Disconnected from the channel tcfchan#31.
22:04:10 INFO  : 'targets -set -filter {jtag_cable_name =~ "Digilent Nexys4DDR 210292A4BB27A" && level==0} -index 0' command is executed.
22:04:11 INFO  : 'fpga -state' command is executed.
22:04:11 INFO  : Connected to target on host '127.0.0.1' and port '3121'.
22:04:11 INFO  : Jtag cable 'Digilent Nexys4DDR 210292A4BB27A' is selected.
22:04:11 INFO  : 'jtag frequency' command is executed.
22:04:11 INFO  : Context for processor 'microblaze_0' is selected.
22:04:11 INFO  : Processor reset is completed for 'microblaze_0'.
22:04:11 INFO  : Context for processor 'microblaze_0' is selected.
22:04:15 INFO  : The application 'C:/Users/Keith/Documents/Git/568_Hub/568_WiFi/DataHub-Vivado/DataHub-Vivado.sdk/DataHub/Debug/DataHub.elf' is downloaded to processor 'microblaze_0'.
22:04:15 INFO  : ----------------XSDB Script----------------
connect -url tcp:127.0.0.1:3121
targets -set -nocase -filter {name =~ "microblaze*#0" && bscan=="USER2"  && jtag_cable_name =~ "Digilent Nexys4DDR 210292A4BB27A"} -index 0
rst -processor
targets -set -nocase -filter {name =~ "microblaze*#0" && bscan=="USER2"  && jtag_cable_name =~ "Digilent Nexys4DDR 210292A4BB27A"} -index 0
dow C:/Users/Keith/Documents/Git/568_Hub/568_WiFi/DataHub-Vivado/DataHub-Vivado.sdk/DataHub/Debug/DataHub.elf
----------------End of Script----------------

22:04:15 INFO  : Memory regions updated for context MicroBlaze #0
22:04:15 INFO  : Memory regions updated for context MicroBlaze #0
22:04:15 INFO  : Context for processor 'microblaze_0' is selected.
22:04:15 INFO  : 'con' command is executed.
22:04:15 INFO  : ----------------XSDB Script (After Launch)----------------
targets -set -nocase -filter {name =~ "microblaze*#0" && bscan=="USER2"  && jtag_cable_name =~ "Digilent Nexys4DDR 210292A4BB27A"} -index 0
con
----------------End of Script----------------

22:04:15 INFO  : Launch script is exported to file 'C:\Users\Keith\Documents\Git\568_Hub\568_WiFi\DataHub-Vivado\DataHub-Vivado.sdk\.sdk\launch_scripts\xilinx_c-c++_application_(system_debugger)\system_debugger_using_debug_datahub.elf_on_local.tcl'
22:08:36 INFO  : Disconnected from the channel tcfchan#32.
