#-----------------------------------------------------------
# Vivado v2017.4 (64-bit)
# SW Build 2086221 on Fri Dec 15 20:55:39 MST 2017
# IP Build 2085800 on Fri Dec 15 22:25:07 MST 2017
# Start of session at: Sun Apr  8 01:51:52 2018
# Process ID: 18932
# Current directory: C:/Users/Keith/Documents/Git/568_Hub/568_WiFi/DataHub-Vivado
# Command line: vivado.exe -gui_launcher_event rodinguilauncherevent7604 C:\Users\Keith\Documents\Git\568_Hub\568_WiFi\DataHub-Vivado\DataHub-Vivado.xpr
# Log file: C:/Users/Keith/Documents/Git/568_Hub/568_WiFi/DataHub-Vivado/vivado.log
# Journal file: C:/Users/Keith/Documents/Git/568_Hub/568_WiFi/DataHub-Vivado\vivado.jou
#-----------------------------------------------------------
start_gui
open_project C:/Users/Keith/Documents/Git/568_Hub/568_WiFi/DataHub-Vivado/DataHub-Vivado.xpr
Scanning sources...
Finished scanning sources
WARNING: [filemgmt 56-3] IPUserFilesDir: Could not find the directory 'C:/Users/Keith/Documents/Git/568_Hub/568_WiFi/DataHub-Vivado/DataHub-Vivado.ip_user_files'.
INFO: [IP_Flow 19-234] Refreshing IP repositories
INFO: [IP_Flow 19-1700] Loaded user IP repository 'c:/Users/Keith/Documents/Git/568_Hub/568_WiFi/vivado-library'.
INFO: [IP_Flow 19-2313] Loaded Vivado IP repository 'C:/Xilinx/Vivado/2017.4/data/ip'.
open_project: Time (s): cpu = 00:00:42 ; elapsed = 00:00:34 . Memory (MB): peak = 972.359 ; gain = 253.004
update_compile_order -fileset sources_1
reset_run synth_1
reset_run DataHub_mig_7series_0_0_synth_1
launch_runs impl_1 -to_step write_bitstream -jobs 12
INFO: [IP_Flow 19-4993] Using cached IP synthesis design for IP DataHub_mig_7series_0_0, cache-ID = 53f8dc96ee8309fc; cache size = 47.299 MB.
[Sun Apr  8 13:41:26 2018] Launched DataHub_mig_7series_0_0_synth_1, synth_1...
Run output will be captured here:
DataHub_mig_7series_0_0_synth_1: C:/Users/Keith/Documents/Git/568_Hub/568_WiFi/DataHub-Vivado/DataHub-Vivado.runs/DataHub_mig_7series_0_0_synth_1/runme.log
synth_1: C:/Users/Keith/Documents/Git/568_Hub/568_WiFi/DataHub-Vivado/DataHub-Vivado.runs/synth_1/runme.log
[Sun Apr  8 13:41:26 2018] Launched impl_1...
Run output will be captured here: C:/Users/Keith/Documents/Git/568_Hub/568_WiFi/DataHub-Vivado/DataHub-Vivado.runs/impl_1/runme.log
launch_runs: Time (s): cpu = 00:00:05 ; elapsed = 00:00:11 . Memory (MB): peak = 1010.410 ; gain = 21.082
exit
INFO: [Common 17-206] Exiting Vivado at Sun Apr  8 13:49:26 2018...
