#-----------------------------------------------------------
# Vivado v2017.4 (64-bit)
# SW Build 2086221 on Fri Dec 15 20:55:39 MST 2017
# IP Build 2085800 on Fri Dec 15 22:25:07 MST 2017
# Start of session at: Mon Apr  9 15:42:55 2018
# Process ID: 21864
# Current directory: C:/Users/Keith/Documents/Git/568_Hub/568_WiFi/DataHub-Vivado
# Command line: vivado.exe -gui_launcher_event rodinguilauncherevent22840 C:\Users\Keith\Documents\Git\568_Hub\568_WiFi\DataHub-Vivado\DataHub-Vivado.xpr
# Log file: C:/Users/Keith/Documents/Git/568_Hub/568_WiFi/DataHub-Vivado/vivado.log
# Journal file: C:/Users/Keith/Documents/Git/568_Hub/568_WiFi/DataHub-Vivado\vivado.jou
#-----------------------------------------------------------
start_gui
open_project C:/Users/Keith/Documents/Git/568_Hub/568_WiFi/DataHub-Vivado/DataHub-Vivado.xpr
Scanning sources...
Finished scanning sources
WARNING: [filemgmt 56-3] IPUserFilesDir: Could not find the directory 'C:/Users/Keith/Documents/Git/568_Hub/568_WiFi/DataHub-Vivado/DataHub-Vivado.ip_user_files'.
INFO: [IP_Flow 19-234] Refreshing IP repositories
INFO: [IP_Flow 19-1700] Loaded user IP repository 'c:/Users/Keith/Documents/Git/568_Hub/568_WiFi/vivado-library'.
INFO: [IP_Flow 19-2313] Loaded Vivado IP repository 'C:/Xilinx/Vivado/2017.4/data/ip'.
open_project: Time (s): cpu = 00:00:29 ; elapsed = 00:00:23 . Memory (MB): peak = 970.391 ; gain = 280.855
update_compile_order -fileset sources_1
launch_sdk -workspace C:/Users/Keith/Documents/Git/568_Hub/568_WiFi/DataHub-Vivado/DataHub-Vivado.sdk -hwspec C:/Users/Keith/Documents/Git/568_Hub/568_WiFi/DataHub-Vivado/DataHub-Vivado.sdk/DataHub_wrapper.hdf
INFO: [Vivado 12-393] Launching SDK...
INFO: [Vivado 12-417] Running xsdk -workspace C:/Users/Keith/Documents/Git/568_Hub/568_WiFi/DataHub-Vivado/DataHub-Vivado.sdk -hwspec C:/Users/Keith/Documents/Git/568_Hub/568_WiFi/DataHub-Vivado/DataHub-Vivado.sdk/DataHub_wrapper.hdf
INFO: [Vivado 12-3157] SDK launch initiated. Please check console for any further messages.
INFO: [Vivado 12-4159] Implementation run is out of date. Exported hardware information may be inconsistent with respect to the current state of the design. It is recommended that you re-run implementation and re-generate bitstream before doing hardware export.
file copy -force C:/Users/Keith/Documents/Git/568_Hub/568_WiFi/DataHub-Vivado/DataHub-Vivado.runs/impl_1/DataHub_wrapper.sysdef C:/Users/Keith/Documents/Git/568_Hub/568_WiFi/DataHub-Vivado/DataHub-Vivado.sdk/DataHub_wrapper.hdf

INFO: [Vivado 12-4158] Exported Hardware file is out of date. Exported hardware information may be inconsistent with respect to the current state of the design. It is recommended that you re-export the design and launch SDK otherwise SDK is launched with out of date hardware system file.
launch_sdk -workspace C:/Users/Keith/Documents/Git/568_Hub/568_WiFi/DataHub-Vivado/DataHub-Vivado.sdk -hwspec C:/Users/Keith/Documents/Git/568_Hub/568_WiFi/DataHub-Vivado/DataHub-Vivado.sdk/DataHub_wrapper.hdf
INFO: [Vivado 12-393] Launching SDK...
INFO: [Vivado 12-417] Running xsdk -workspace C:/Users/Keith/Documents/Git/568_Hub/568_WiFi/DataHub-Vivado/DataHub-Vivado.sdk -hwspec C:/Users/Keith/Documents/Git/568_Hub/568_WiFi/DataHub-Vivado/DataHub-Vivado.sdk/DataHub_wrapper.hdf
INFO: [Vivado 12-3157] SDK launch initiated. Please check console for any further messages.
INFO: [Vivado 12-4158] Exported Hardware file is out of date. Exported hardware information may be inconsistent with respect to the current state of the design. It is recommended that you re-export the design and launch SDK otherwise SDK is launched with out of date hardware system file.
launch_sdk -workspace C:/Users/Keith/Documents/Git/568_Hub/568_WiFi/DataHub-Vivado/DataHub-Vivado.sdk -hwspec C:/Users/Keith/Documents/Git/568_Hub/568_WiFi/DataHub-Vivado/DataHub-Vivado.sdk/DataHub_wrapper.hdf
INFO: [Vivado 12-393] Launching SDK...
INFO: [Vivado 12-417] Running xsdk -workspace C:/Users/Keith/Documents/Git/568_Hub/568_WiFi/DataHub-Vivado/DataHub-Vivado.sdk -hwspec C:/Users/Keith/Documents/Git/568_Hub/568_WiFi/DataHub-Vivado/DataHub-Vivado.sdk/DataHub_wrapper.hdf
INFO: [Vivado 12-3157] SDK launch initiated. Please check console for any further messages.
open_bd_design {C:/Users/Keith/Documents/Git/568_Hub/568_WiFi/DataHub-Vivado/DataHub-Vivado.srcs/sources_1/bd/DataHub/DataHub.bd}
Adding cell -- xilinx.com:ip:mig_7series:4.0 - mig_7series_0
Adding cell -- xilinx.com:ip:clk_wiz:5.4 - clk_wiz_0
Adding cell -- xilinx.com:ip:axi_uartlite:2.0 - axi_uartlite_0
Adding cell -- xilinx.com:ip:microblaze:10.0 - microblaze_0
Adding cell -- xilinx.com:ip:axi_intc:4.1 - microblaze_0_axi_intc
Adding cell -- xilinx.com:ip:xlconcat:2.1 - microblaze_0_xlconcat
Adding cell -- xilinx.com:ip:mdm:3.2 - mdm_1
Adding cell -- xilinx.com:ip:proc_sys_reset:5.0 - rst_clk_wiz_0_100M
Adding cell -- digilentinc.com:IP:PmodWIFI:1.0 - PmodWIFI_0
Adding cell -- digilentinc.com:IP:PmodSD:1.0 - PmodSD_0
Adding cell -- xilinx.com:ip:axi_gpio:2.0 - axi_gpio_led
Adding cell -- xilinx.com:ip:axi_gpio:2.0 - axi_gpio_sw
Adding cell -- xilinx.com:ip:smartconnect:1.0 - axi_smc
Adding cell -- xilinx.com:ip:proc_sys_reset:5.0 - rst_mig_7series_0_81M
Adding cell -- xilinx.com:ip:axi_crossbar:2.1 - xbar
Adding cell -- xilinx.com:ip:lmb_v10:3.0 - dlmb_v10
Adding cell -- xilinx.com:ip:lmb_v10:3.0 - ilmb_v10
Adding cell -- xilinx.com:ip:lmb_bram_if_cntlr:4.0 - dlmb_bram_if_cntlr
Adding cell -- xilinx.com:ip:lmb_bram_if_cntlr:4.0 - ilmb_bram_if_cntlr
Adding cell -- xilinx.com:ip:blk_mem_gen:8.4 - lmb_bram
Successfully read diagram <DataHub> from BD file <C:/Users/Keith/Documents/Git/568_Hub/568_WiFi/DataHub-Vivado/DataHub-Vivado.srcs/sources_1/bd/DataHub/DataHub.bd>
open_bd_design: Time (s): cpu = 00:00:06 ; elapsed = 00:00:08 . Memory (MB): peak = 1079.055 ; gain = 72.055
open_hw
connect_hw_server
INFO: [Labtools 27-2285] Connecting to hw_server url TCP:localhost:3121
open_hw_target
INFO: [Labtoolstcl 44-466] Opening hw_target localhost:3121/xilinx_tcf/Digilent/210292A4BDC7A
ERROR: [Labtools 27-2269] No devices detected on target localhost:3121/xilinx_tcf/Digilent/210292A4BDC7A.
Check cable connectivity and that the target board is powered up then
use the disconnect_hw_server and connect_hw_server to re-register this hardware target.
ERROR: [Common 17-39] 'open_hw_target' failed due to earlier errors.
refresh_hw_target {localhost:3121/xilinx_tcf/Digilent/210292A4BDC7A}
ERROR: [Labtools 27-2269] No devices detected on target localhost:3121/xilinx_tcf/Digilent/210292A4BDC7A.
Check cable connectivity and that the target board is powered up then
use the disconnect_hw_server and connect_hw_server to re-register this hardware target.
ERROR: [Common 17-39] 'refresh_hw_target' failed due to earlier errors.
close_hw_target {localhost:3121/xilinx_tcf/Digilent/210292A4BDC7A}
INFO: [Labtoolstcl 44-464] Closing hw_target localhost:3121/xilinx_tcf/Digilent/210292A4BDC7A
open_hw_target {localhost:3121/xilinx_tcf/Digilent/210292A4BB27A}
INFO: [Labtoolstcl 44-466] Opening hw_target localhost:3121/xilinx_tcf/Digilent/210292A4BB27A
set_property PROGRAM.FILE {C:/Users/Keith/Documents/Git/568_Hub/568_WiFi/DataHub-Vivado/DataHub-Vivado.runs/impl_1/DataHub_wrapper.bit} [get_hw_devices xc7a100t_0]
current_hw_device [get_hw_devices xc7a100t_0]
refresh_hw_device -update_hw_probes false [lindex [get_hw_devices xc7a100t_0] 0]
INFO: [Labtools 27-1435] Device xc7a100t (JTAG device index = 0) is not programmed (DONE status = 0).
close_hw_target {localhost:3121/xilinx_tcf/Digilent/210292A4BB27A}
INFO: [Labtoolstcl 44-464] Closing hw_target localhost:3121/xilinx_tcf/Digilent/210292A4BB27A
open_hw_target {localhost:3121/xilinx_tcf/Digilent/210292A4BDC7A}
INFO: [Labtoolstcl 44-466] Opening hw_target localhost:3121/xilinx_tcf/Digilent/210292A4BDC7A
ERROR: [Labtools 27-2269] No devices detected on target localhost:3121/xilinx_tcf/Digilent/210292A4BDC7A.
Check cable connectivity and that the target board is powered up then
use the disconnect_hw_server and connect_hw_server to re-register this hardware target.
ERROR: [Common 17-39] 'open_hw_target' failed due to earlier errors.
exit
INFO: [Common 17-206] Exiting Vivado at Tue Apr 10 01:07:45 2018...
