#-----------------------------------------------------------
# Vivado v2017.4 (64-bit)
# SW Build 2086221 on Fri Dec 15 20:55:39 MST 2017
# IP Build 2085800 on Fri Dec 15 22:25:07 MST 2017
# Start of session at: Thu Apr  5 09:50:57 2018
# Process ID: 9108
# Current directory: C:/Users/Keith/Documents/Git/568_Hub/568_WiFi/DataHub-Vivado
# Command line: vivado.exe -gui_launcher_event rodinguilauncherevent26648 C:\Users\Keith\Documents\Git\568_Hub\568_WiFi\DataHub-Vivado\DataHub-Vivado.xpr
# Log file: C:/Users/Keith/Documents/Git/568_Hub/568_WiFi/DataHub-Vivado/vivado.log
# Journal file: C:/Users/Keith/Documents/Git/568_Hub/568_WiFi/DataHub-Vivado\vivado.jou
#-----------------------------------------------------------
start_gui
open_project C:/Users/Keith/Documents/Git/568_Hub/568_WiFi/DataHub-Vivado/DataHub-Vivado.xpr
Scanning sources...
Finished scanning sources
WARNING: [filemgmt 56-3] IPUserFilesDir: Could not find the directory 'C:/Users/Keith/Documents/Git/568_Hub/568_WiFi/DataHub-Vivado/DataHub-Vivado.ip_user_files'.
INFO: [IP_Flow 19-234] Refreshing IP repositories
INFO: [IP_Flow 19-1700] Loaded user IP repository 'c:/Users/Keith/Documents/Git/568_Hub/568_WiFi/vivado-library'.
INFO: [IP_Flow 19-2313] Loaded Vivado IP repository 'C:/Xilinx/Vivado/2017.4/data/ip'.
open_project: Time (s): cpu = 00:00:29 ; elapsed = 00:00:20 . Memory (MB): peak = 983.746 ; gain = 242.762
update_compile_order -fileset sources_1
reset_run synth_1
reset_run DataHub_mig_7series_0_0_synth_1
launch_runs impl_1 -to_step write_bitstream -jobs 8
INFO: [IP_Flow 19-4993] Using cached IP synthesis design for IP DataHub_mig_7series_0_0, cache-ID = 53f8dc96ee8309fc; cache size = 47.299 MB.
[Thu Apr  5 09:52:25 2018] Launched DataHub_mig_7series_0_0_synth_1, synth_1...
Run output will be captured here:
DataHub_mig_7series_0_0_synth_1: C:/Users/Keith/Documents/Git/568_Hub/568_WiFi/DataHub-Vivado/DataHub-Vivado.runs/DataHub_mig_7series_0_0_synth_1/runme.log
synth_1: C:/Users/Keith/Documents/Git/568_Hub/568_WiFi/DataHub-Vivado/DataHub-Vivado.runs/synth_1/runme.log
[Thu Apr  5 09:52:25 2018] Launched impl_1...
Run output will be captured here: C:/Users/Keith/Documents/Git/568_Hub/568_WiFi/DataHub-Vivado/DataHub-Vivado.runs/impl_1/runme.log
launch_runs: Time (s): cpu = 00:00:07 ; elapsed = 00:00:09 . Memory (MB): peak = 1011.109 ; gain = 23.488
