#-----------------------------------------------------------
# Vivado v2017.4 (64-bit)
# SW Build 2086221 on Fri Dec 15 20:55:39 MST 2017
# IP Build 2085800 on Fri Dec 15 22:25:07 MST 2017
# Start of session at: Wed Apr  4 13:16:36 2018
# Process ID: 11684
# Current directory: C:/Users/Keith/Documents/Git/568_Hub/568_WiFi/DataHub-Vivado
# Command line: vivado.exe -gui_launcher_event rodinguilauncherevent26764 C:\Users\Keith\Documents\Git\568_Hub\568_WiFi\DataHub-Vivado\DataHub-Vivado.xpr
# Log file: C:/Users/Keith/Documents/Git/568_Hub/568_WiFi/DataHub-Vivado/vivado.log
# Journal file: C:/Users/Keith/Documents/Git/568_Hub/568_WiFi/DataHub-Vivado\vivado.jou
#-----------------------------------------------------------
start_gui
open_project C:/Users/Keith/Documents/Git/568_Hub/568_WiFi/DataHub-Vivado/DataHub-Vivado.xpr
Scanning sources...
Finished scanning sources
WARNING: [filemgmt 56-3] IPUserFilesDir: Could not find the directory 'C:/Users/Keith/Documents/Git/568_Hub/568_WiFi/DataHub-Vivado/DataHub-Vivado.ip_user_files'.
INFO: [IP_Flow 19-234] Refreshing IP repositories
INFO: [IP_Flow 19-1700] Loaded user IP repository 'c:/Users/Keith/Documents/Git/568_Hub/568_WiFi/vivado-library'.
INFO: [IP_Flow 19-2313] Loaded Vivado IP repository 'C:/Xilinx/Vivado/2017.4/data/ip'.
open_project: Time (s): cpu = 00:00:28 ; elapsed = 00:00:25 . Memory (MB): peak = 965.230 ; gain = 244.805
update_compile_order -fileset sources_1
launch_sdk -workspace C:/Users/Keith/Documents/Git/568_Hub/568_WiFi/DataHub-Vivado/DataHub-Vivado.sdk -hwspec C:/Users/Keith/Documents/Git/568_Hub/568_WiFi/DataHub-Vivado/DataHub-Vivado.sdk/DataHub_wrapper.hdf
INFO: [Vivado 12-393] Launching SDK...
INFO: [Vivado 12-417] Running xsdk -workspace C:/Users/Keith/Documents/Git/568_Hub/568_WiFi/DataHub-Vivado/DataHub-Vivado.sdk -hwspec C:/Users/Keith/Documents/Git/568_Hub/568_WiFi/DataHub-Vivado/DataHub-Vivado.sdk/DataHub_wrapper.hdf
INFO: [Vivado 12-3157] SDK launch initiated. Please check console for any further messages.
INFO: [Vivado 12-4159] Implementation run is out of date. Exported hardware information may be inconsistent with respect to the current state of the design. It is recommended that you re-run implementation and re-generate bitstream before doing hardware export.
file copy -force C:/Users/Keith/Documents/Git/568_Hub/568_WiFi/DataHub-Vivado/DataHub-Vivado.runs/impl_1/DataHub_wrapper.sysdef C:/Users/Keith/Documents/Git/568_Hub/568_WiFi/DataHub-Vivado/DataHub-Vivado.sdk/DataHub_wrapper.hdf

INFO: [Vivado 12-4158] Exported Hardware file is out of date. Exported hardware information may be inconsistent with respect to the current state of the design. It is recommended that you re-export the design and launch SDK otherwise SDK is launched with out of date hardware system file.
launch_sdk -workspace C:/Users/Keith/Documents/Git/568_Hub/568_WiFi/DataHub-Vivado/DataHub-Vivado.sdk -hwspec C:/Users/Keith/Documents/Git/568_Hub/568_WiFi/DataHub-Vivado/DataHub-Vivado.sdk/DataHub_wrapper.hdf
INFO: [Vivado 12-393] Launching SDK...
INFO: [Vivado 12-417] Running xsdk -workspace C:/Users/Keith/Documents/Git/568_Hub/568_WiFi/DataHub-Vivado/DataHub-Vivado.sdk -hwspec C:/Users/Keith/Documents/Git/568_Hub/568_WiFi/DataHub-Vivado/DataHub-Vivado.sdk/DataHub_wrapper.hdf
INFO: [Vivado 12-3157] SDK launch initiated. Please check console for any further messages.
INFO: [Vivado 12-4158] Exported Hardware file is out of date. Exported hardware information may be inconsistent with respect to the current state of the design. It is recommended that you re-export the design and launch SDK otherwise SDK is launched with out of date hardware system file.
INFO: [Vivado 12-4158] Exported Hardware file is out of date. Exported hardware information may be inconsistent with respect to the current state of the design. It is recommended that you re-export the design and launch SDK otherwise SDK is launched with out of date hardware system file.
launch_sdk -workspace C:/Users/Keith/Documents/Git/568_Hub/568_WiFi/DataHub-Vivado/DataHub-Vivado.sdk -hwspec C:/Users/Keith/Documents/Git/568_Hub/568_WiFi/DataHub-Vivado/DataHub-Vivado.sdk/DataHub_wrapper.hdf
INFO: [Vivado 12-393] Launching SDK...
INFO: [Vivado 12-417] Running xsdk -workspace C:/Users/Keith/Documents/Git/568_Hub/568_WiFi/DataHub-Vivado/DataHub-Vivado.sdk -hwspec C:/Users/Keith/Documents/Git/568_Hub/568_WiFi/DataHub-Vivado/DataHub-Vivado.sdk/DataHub_wrapper.hdf
INFO: [Vivado 12-3157] SDK launch initiated. Please check console for any further messages.
reset_run synth_1
reset_run DataHub_mig_7series_0_0_synth_1
launch_runs impl_1 -to_step write_bitstream -jobs 8
INFO: [IP_Flow 19-4993] Using cached IP synthesis design for IP DataHub_mig_7series_0_0, cache-ID = 53f8dc96ee8309fc; cache size = 47.299 MB.
[Wed Apr  4 13:23:15 2018] Launched DataHub_mig_7series_0_0_synth_1, synth_1...
Run output will be captured here:
DataHub_mig_7series_0_0_synth_1: C:/Users/Keith/Documents/Git/568_Hub/568_WiFi/DataHub-Vivado/DataHub-Vivado.runs/DataHub_mig_7series_0_0_synth_1/runme.log
synth_1: C:/Users/Keith/Documents/Git/568_Hub/568_WiFi/DataHub-Vivado/DataHub-Vivado.runs/synth_1/runme.log
[Wed Apr  4 13:23:16 2018] Launched impl_1...
Run output will be captured here: C:/Users/Keith/Documents/Git/568_Hub/568_WiFi/DataHub-Vivado/DataHub-Vivado.runs/impl_1/runme.log
launch_runs: Time (s): cpu = 00:00:06 ; elapsed = 00:00:10 . Memory (MB): peak = 1031.738 ; gain = 0.000
file copy -force C:/Users/Keith/Documents/Git/568_Hub/568_WiFi/DataHub-Vivado/DataHub-Vivado.runs/impl_1/DataHub_wrapper.sysdef C:/Users/Keith/Documents/Git/568_Hub/568_WiFi/DataHub-Vivado/DataHub-Vivado.sdk/DataHub_wrapper.hdf

launch_sdk -workspace C:/Users/Keith/Documents/Git/568_Hub/568_WiFi/DataHub-Vivado/DataHub-Vivado.sdk -hwspec C:/Users/Keith/Documents/Git/568_Hub/568_WiFi/DataHub-Vivado/DataHub-Vivado.sdk/DataHub_wrapper.hdf
INFO: [Vivado 12-393] Launching SDK...
INFO: [Vivado 12-417] Running xsdk -workspace C:/Users/Keith/Documents/Git/568_Hub/568_WiFi/DataHub-Vivado/DataHub-Vivado.sdk -hwspec C:/Users/Keith/Documents/Git/568_Hub/568_WiFi/DataHub-Vivado/DataHub-Vivado.sdk/DataHub_wrapper.hdf
INFO: [Vivado 12-3157] SDK launch initiated. Please check console for any further messages.
exit
INFO: [Common 17-206] Exiting Vivado at Wed Apr  4 15:05:16 2018...
