15:05:08 **** Auto Build of configuration Debug for project DataHub ****
make all 
'Building file: ../src/WiFi.cpp'
'Invoking: MicroBlaze g++ compiler'
mb-g++ -Wall -O0 -g3 -c -fmessage-length=0 -MT"src/WiFi.o" -I../../DataHub_bsp/microblaze_0/include -mlittle-endian -mcpu=v10.0 -mxl-soft-mul -Wl,--no-relax -ffunction-sections -fdata-sections -MMD -MP -MF"src/WiFi.d" -MT"src/WiFi.o" -o "src/WiFi.o" "../src/WiFi.cpp"
In file included from ../src/../../DataHub_bsp/microblaze_0/include/DEIPcK/utility/fpga/../../../MRF24G/utility/ud_inc/internal/wf_global_includes.h:44:0,
                 from ../src/../../DataHub_bsp/microblaze_0/include/DEIPcK/utility/fpga/System.h:64,
                 from ../src/../../DataHub_bsp/microblaze_0/include/DEIPcK/utility/System.h:54,
                 from ../src/../../DataHub_bsp/microblaze_0/include/DEIPcK/utility/deIP.h:59,
                 from ../src/../../DataHub_bsp/microblaze_0/include/DEIPcK/DEIPcK.h:64,
                 from ../src/WiFi.cpp:6:
../src/../../DataHub_bsp/microblaze_0/include/DEIPcK/utility/fpga/../../../MRF24G/utility/ud_inc/internal/../../wf_customize.h:50:0: warning: "INLINE" redefined
 #define INLINE
 
In file included from ../src/../../DataHub_bsp/microblaze_0/include/DEIPcK/utility/fpga/System.h:62:0,
                 from ../src/../../DataHub_bsp/microblaze_0/include/DEIPcK/utility/System.h:54,
                 from ../src/../../DataHub_bsp/microblaze_0/include/DEIPcK/utility/deIP.h:59,
                 from ../src/../../DataHub_bsp/microblaze_0/include/DEIPcK/DEIPcK.h:64,
                 from ../src/WiFi.cpp:6:
../../DataHub_bsp/microblaze_0/include/xil_io.h:99:0: note: this is the location of the previous definition
 #define INLINE inline
 
../src/WiFi.cpp: In function 'bool WiFiListen(Message*, UDPSocket*)':
../src/WiFi.cpp:255:1: warning: no return statement in function returning non-void [-Wreturn-type]
 }
 ^
'Finished building: ../src/WiFi.cpp'
' '
'Building target: DataHub.elf'
'Invoking: MicroBlaze g++ linker'
mb-g++ -Wl,-T -Wl,../src/lscript.ld -L../../DataHub_bsp/microblaze_0/lib -mlittle-endian -mcpu=v10.0 -mxl-soft-mul -Wl,--no-relax -Wl,--gc-sections -o "DataHub.elf"  ./src/Messages.o ./src/WiFi.o ./src/main.o   -Wl,--start-group,-lxil,-lgcc,-lc,-lstdc++,--end-group
'Finished building target: DataHub.elf'
' '
'Invoking: MicroBlaze Print Size'
mb-size DataHub.elf  |tee "DataHub.elf.size"
   text	   data	    bss	    dec	    hex	filename
 285728	   1852	  18812	 306392	  4acd8	DataHub.elf
'Finished building: DataHub.elf.size'
' '

15:05:11 Build Finished (took 2s.886ms)

